2013-12-28 16:11:26,054 [Worker-11] INFO  c.n.h.c.p.n.NettyAsyncHttpProvider - Number of application's worked threads is 8
2013-12-28 16:11:26,276 [Worker-8] INFO  c.n.h.c.p.n.NettyAsyncHttpProvider - Number of application's worked threads is 8
2013-12-28 16:11:26,825 [New I/O client worker #1-1] INFO  o.e.m.c.i.e.AbstractTransferListenerAdapter - Downloading http://repo.maven.apache.org/maven2/org/apache/maven/plugins/maven-clean-plugin/2.4.1/maven-clean-plugin-2.4.1.jar
2013-12-28 16:11:26,825 [New I/O client worker #2-1] INFO  o.e.m.c.i.e.AbstractTransferListenerAdapter - Downloading http://repo.maven.apache.org/maven2/org/apache/maven/plugins/maven-clean-plugin/2.4.1/maven-clean-plugin-2.4.1.jar
2013-12-28 16:11:26,836 [New I/O client worker #1-1] INFO  o.e.m.c.i.e.AbstractTransferListenerAdapter - Downloaded http://repo.maven.apache.org/maven2/org/apache/maven/plugins/maven-clean-plugin/2.4.1/maven-clean-plugin-2.4.1.jar
2013-12-28 16:11:26,838 [New I/O client worker #2-1] INFO  o.e.m.c.i.e.AbstractTransferListenerAdapter - Downloaded http://repo.maven.apache.org/maven2/org/apache/maven/plugins/maven-clean-plugin/2.4.1/maven-clean-plugin-2.4.1.jar
2013-12-28 16:11:27,135 [Worker-11] INFO  c.n.h.c.p.n.NettyAsyncHttpProvider - Number of application's worked threads is 8
2013-12-28 16:11:27,169 [New I/O client worker #3-1] INFO  o.e.m.c.i.e.AbstractTransferListenerAdapter - Downloading http://repo.maven.apache.org/maven2/org/apache/maven/plugins/maven-resources-plugin/2.5/maven-resources-plugin-2.5.jar
2013-12-28 16:11:27,191 [New I/O client worker #3-1] INFO  o.e.m.c.i.e.AbstractTransferListenerAdapter - Downloaded http://repo.maven.apache.org/maven2/org/apache/maven/plugins/maven-resources-plugin/2.5/maven-resources-plugin-2.5.jar
2013-12-28 16:11:27,333 [Worker-8] INFO  c.n.h.c.p.n.NettyAsyncHttpProvider - Number of application's worked threads is 8
2013-12-28 16:11:27,358 [New I/O client worker #4-1] INFO  o.e.m.c.i.e.AbstractTransferListenerAdapter - Downloading http://repo.maven.apache.org/maven2/org/apache/maven/plugins/maven-surefire-plugin/2.10/maven-surefire-plugin-2.10.jar
2013-12-28 16:11:27,367 [New I/O client worker #4-1] INFO  o.e.m.c.i.e.AbstractTransferListenerAdapter - Downloaded http://repo.maven.apache.org/maven2/org/apache/maven/plugins/maven-surefire-plugin/2.10/maven-surefire-plugin-2.10.jar
2013-12-28 16:11:27,546 [Worker-11] INFO  c.n.h.c.p.n.NettyAsyncHttpProvider - Number of application's worked threads is 8
2013-12-28 16:11:27,573 [New I/O client worker #5-1] INFO  o.e.m.c.i.e.AbstractTransferListenerAdapter - Downloading http://repo.maven.apache.org/maven2/org/apache/maven/plugins/maven-war-plugin/2.1.1/maven-war-plugin-2.1.1.jar
2013-12-28 16:11:27,595 [New I/O client worker #5-1] INFO  o.e.m.c.i.e.AbstractTransferListenerAdapter - Downloaded http://repo.maven.apache.org/maven2/org/apache/maven/plugins/maven-war-plugin/2.1.1/maven-war-plugin-2.1.1.jar
2013-12-28 16:11:27,809 [Worker-8] INFO  c.n.h.c.p.n.NettyAsyncHttpProvider - Number of application's worked threads is 8
2013-12-28 16:11:27,826 [New I/O client worker #6-1] INFO  o.e.m.c.i.e.AbstractTransferListenerAdapter - Downloading http://repo.maven.apache.org/maven2/org/apache/maven/plugins/maven-deploy-plugin/2.7/maven-deploy-plugin-2.7.jar
2013-12-28 16:11:27,850 [New I/O client worker #6-1] INFO  o.e.m.c.i.e.AbstractTransferListenerAdapter - Downloaded http://repo.maven.apache.org/maven2/org/apache/maven/plugins/maven-deploy-plugin/2.7/maven-deploy-plugin-2.7.jar
2013-12-28 16:11:28,122 [Worker-11] INFO  c.n.h.c.p.n.NettyAsyncHttpProvider - Number of application's worked threads is 8
2013-12-28 16:11:28,147 [New I/O client worker #7-1] INFO  o.e.m.c.i.e.AbstractTransferListenerAdapter - Downloading http://repo.maven.apache.org/maven2/org/apache/maven/plugins/maven-site-plugin/3.0/maven-site-plugin-3.0.jar
2013-12-28 16:11:28,171 [New I/O client worker #7-1] INFO  o.e.m.c.i.e.AbstractTransferListenerAdapter - Downloaded http://repo.maven.apache.org/maven2/org/apache/maven/plugins/maven-site-plugin/3.0/maven-site-plugin-3.0.jar
2013-12-28 16:11:29,745 [Worker-11] INFO  o.e.m.c.i.l.LifecycleMappingFactory - Using org.maven.ide.eclipse.wtp.WarLifecycleMapping lifecycle mapping for MavenProject: org.springframework.samples.service.service:SpringSample:0.0.1-SNAPSHOT @ /Users/mito/Documents/work/develop/git-repo/samayaaan/SpringMVC-Roo/SpringSample/pom.xml.
2013-12-28 16:11:29,746 [Worker-8] INFO  o.e.m.c.i.l.LifecycleMappingFactory - Using org.maven.ide.eclipse.wtp.WarLifecycleMapping lifecycle mapping for MavenProject: org.springframework.samples.service.service:SpringSample:0.0.1-SNAPSHOT @ /Users/mito/Documents/work/develop/git-repo/samayaaan/SpringMVC-Roo/SpringSample/pom.xml.
2013-12-28 16:11:29,750 [Worker-8] INFO  c.n.h.c.p.n.NettyAsyncHttpProvider - Number of application's worked threads is 8
2013-12-28 16:11:29,754 [Worker-11] INFO  c.n.h.c.p.n.NettyAsyncHttpProvider - Number of application's worked threads is 8
2013-12-28 16:11:29,770 [New I/O client worker #8-1] INFO  o.e.m.c.i.e.AbstractTransferListenerAdapter - Downloading http://repo.maven.apache.org/maven2/org/springframework/spring-webmvc/3.2.3.RELEASE/spring-webmvc-3.2.3.RELEASE.pom
2013-12-28 16:11:29,775 [New I/O client worker #9-1] INFO  o.e.m.c.i.e.AbstractTransferListenerAdapter - Downloading http://repo.maven.apache.org/maven2/org/springframework/spring-webmvc/3.2.3.RELEASE/spring-webmvc-3.2.3.RELEASE.pom
2013-12-28 16:11:29,789 [New I/O client worker #8-1] INFO  o.e.m.c.i.e.AbstractTransferListenerAdapter - Downloaded http://repo.maven.apache.org/maven2/org/springframework/spring-webmvc/3.2.3.RELEASE/spring-webmvc-3.2.3.RELEASE.pom
2013-12-28 16:11:29,789 [New I/O client worker #9-1] INFO  o.e.m.c.i.e.AbstractTransferListenerAdapter - Downloaded http://repo.maven.apache.org/maven2/org/springframework/spring-webmvc/3.2.3.RELEASE/spring-webmvc-3.2.3.RELEASE.pom
2013-12-28 16:11:29,891 [Worker-8] INFO  c.n.h.c.p.n.NettyAsyncHttpProvider - Number of application's worked threads is 8
2013-12-28 16:11:29,912 [Worker-11] INFO  c.n.h.c.p.n.NettyAsyncHttpProvider - Number of application's worked threads is 8
2013-12-28 16:11:29,927 [New I/O client worker #10-1] INFO  o.e.m.c.i.e.AbstractTransferListenerAdapter - Downloading http://repo.maven.apache.org/maven2/org/springframework/spring-beans/3.2.3.RELEASE/spring-beans-3.2.3.RELEASE.pom
2013-12-28 16:11:29,930 [New I/O client worker #10-1] INFO  o.e.m.c.i.e.AbstractTransferListenerAdapter - Downloaded http://repo.maven.apache.org/maven2/org/springframework/spring-beans/3.2.3.RELEASE/spring-beans-3.2.3.RELEASE.pom
2013-12-28 16:11:29,938 [New I/O client worker #11-1] INFO  o.e.m.c.i.e.AbstractTransferListenerAdapter - Downloading http://repo.maven.apache.org/maven2/org/springframework/spring-beans/3.2.3.RELEASE/spring-beans-3.2.3.RELEASE.pom
2013-12-28 16:11:29,958 [New I/O client worker #11-1] INFO  o.e.m.c.i.e.AbstractTransferListenerAdapter - Downloaded http://repo.maven.apache.org/maven2/org/springframework/spring-beans/3.2.3.RELEASE/spring-beans-3.2.3.RELEASE.pom
2013-12-28 16:11:30,065 [Worker-8] INFO  c.n.h.c.p.n.NettyAsyncHttpProvider - Number of application's worked threads is 8
2013-12-28 16:11:30,110 [New I/O client worker #12-1] INFO  o.e.m.c.i.e.AbstractTransferListenerAdapter - Downloading http://repo.maven.apache.org/maven2/org/springframework/spring-core/3.2.3.RELEASE/spring-core-3.2.3.RELEASE.pom
2013-12-28 16:11:30,114 [New I/O client worker #12-1] INFO  o.e.m.c.i.e.AbstractTransferListenerAdapter - Downloaded http://repo.maven.apache.org/maven2/org/springframework/spring-core/3.2.3.RELEASE/spring-core-3.2.3.RELEASE.pom
2013-12-28 16:11:30,114 [Worker-11] INFO  c.n.h.c.p.n.NettyAsyncHttpProvider - Number of application's worked threads is 8
2013-12-28 16:11:30,144 [Worker-11] INFO  c.n.h.c.p.n.NettyAsyncHttpProvider - Number of application's worked threads is 8
2013-12-28 16:11:30,174 [New I/O client worker #14-1] INFO  o.e.m.c.i.e.AbstractTransferListenerAdapter - Downloading http://repo.maven.apache.org/maven2/org/springframework/spring-core/3.2.3.RELEASE/spring-core-3.2.3.RELEASE.pom
2013-12-28 16:11:30,188 [New I/O client worker #14-1] INFO  o.e.m.c.i.e.AbstractTransferListenerAdapter - Downloaded http://repo.maven.apache.org/maven2/org/springframework/spring-core/3.2.3.RELEASE/spring-core-3.2.3.RELEASE.pom
2013-12-28 16:11:30,203 [Worker-11] INFO  c.n.h.c.p.n.NettyAsyncHttpProvider - Number of application's worked threads is 8
2013-12-28 16:11:30,203 [Worker-8] INFO  c.n.h.c.p.n.NettyAsyncHttpProvider - Number of application's worked threads is 8
2013-12-28 16:11:30,236 [New I/O client worker #16-1] INFO  o.e.m.c.i.e.AbstractTransferListenerAdapter - Downloading http://repo.maven.apache.org/maven2/commons-logging/commons-logging/1.1.1/commons-logging-1.1.1.pom
2013-12-28 16:11:30,238 [New I/O client worker #15-1] INFO  o.e.m.c.i.e.AbstractTransferListenerAdapter - Downloading http://repo.maven.apache.org/maven2/org/springframework/spring-context/3.2.3.RELEASE/spring-context-3.2.3.RELEASE.pom
2013-12-28 16:11:30,240 [New I/O client worker #15-1] INFO  o.e.m.c.i.e.AbstractTransferListenerAdapter - Downloaded http://repo.maven.apache.org/maven2/org/springframework/spring-context/3.2.3.RELEASE/spring-context-3.2.3.RELEASE.pom
2013-12-28 16:11:30,254 [New I/O client worker #16-1] INFO  o.e.m.c.i.e.AbstractTransferListenerAdapter - Downloaded http://repo.maven.apache.org/maven2/commons-logging/commons-logging/1.1.1/commons-logging-1.1.1.pom
2013-12-28 16:11:30,307 [Worker-11] INFO  c.n.h.c.p.n.NettyAsyncHttpProvider - Number of application's worked threads is 8
2013-12-28 16:11:30,334 [New I/O client worker #17-1] INFO  o.e.m.c.i.e.AbstractTransferListenerAdapter - Downloading http://repo.maven.apache.org/maven2/org/springframework/spring-aop/3.2.3.RELEASE/spring-aop-3.2.3.RELEASE.pom
2013-12-28 16:11:30,337 [New I/O client worker #17-1] INFO  o.e.m.c.i.e.AbstractTransferListenerAdapter - Downloaded http://repo.maven.apache.org/maven2/org/springframework/spring-aop/3.2.3.RELEASE/spring-aop-3.2.3.RELEASE.pom
2013-12-28 16:11:30,345 [Worker-8] INFO  c.n.h.c.p.n.NettyAsyncHttpProvider - Number of application's worked threads is 8
2013-12-28 16:11:30,385 [New I/O client worker #18-1] INFO  o.e.m.c.i.e.AbstractTransferListenerAdapter - Downloading http://repo.maven.apache.org/maven2/org/apache/commons/commons-parent/5/commons-parent-5.pom
2013-12-28 16:11:30,393 [New I/O client worker #18-1] INFO  o.e.m.c.i.e.AbstractTransferListenerAdapter - Downloaded http://repo.maven.apache.org/maven2/org/apache/commons/commons-parent/5/commons-parent-5.pom
2013-12-28 16:11:30,393 [Worker-11] INFO  c.n.h.c.p.n.NettyAsyncHttpProvider - Number of application's worked threads is 8
2013-12-28 16:11:30,423 [New I/O client worker #19-1] INFO  o.e.m.c.i.e.AbstractTransferListenerAdapter - Downloading http://repo.maven.apache.org/maven2/aopalliance/aopalliance/1.0/aopalliance-1.0.pom
2013-12-28 16:11:30,452 [New I/O client worker #19-1] INFO  o.e.m.c.i.e.AbstractTransferListenerAdapter - Downloaded http://repo.maven.apache.org/maven2/aopalliance/aopalliance/1.0/aopalliance-1.0.pom
2013-12-28 16:11:30,507 [Worker-11] INFO  c.n.h.c.p.n.NettyAsyncHttpProvider - Number of application's worked threads is 8
2013-12-28 16:11:30,555 [Worker-8] INFO  c.n.h.c.p.n.NettyAsyncHttpProvider - Number of application's worked threads is 8
2013-12-28 16:11:30,556 [New I/O client worker #20-1] INFO  o.e.m.c.i.e.AbstractTransferListenerAdapter - Downloading http://repo.maven.apache.org/maven2/org/springframework/spring-expression/3.2.3.RELEASE/spring-expression-3.2.3.RELEASE.pom
2013-12-28 16:11:30,558 [New I/O client worker #20-1] INFO  o.e.m.c.i.e.AbstractTransferListenerAdapter - Downloaded http://repo.maven.apache.org/maven2/org/springframework/spring-expression/3.2.3.RELEASE/spring-expression-3.2.3.RELEASE.pom
2013-12-28 16:11:30,577 [New I/O client worker #21-1] INFO  o.e.m.c.i.e.AbstractTransferListenerAdapter - Downloading http://repo.maven.apache.org/maven2/org/springframework/spring-expression/3.2.3.RELEASE/spring-expression-3.2.3.RELEASE.pom
2013-12-28 16:11:30,579 [New I/O client worker #21-1] INFO  o.e.m.c.i.e.AbstractTransferListenerAdapter - Downloaded http://repo.maven.apache.org/maven2/org/springframework/spring-expression/3.2.3.RELEASE/spring-expression-3.2.3.RELEASE.pom
2013-12-28 16:11:30,604 [Worker-11] INFO  c.n.h.c.p.n.NettyAsyncHttpProvider - Number of application's worked threads is 8
2013-12-28 16:11:30,627 [Worker-8] INFO  c.n.h.c.p.n.NettyAsyncHttpProvider - Number of application's worked threads is 8
2013-12-28 16:11:30,628 [New I/O client worker #22-1] INFO  o.e.m.c.i.e.AbstractTransferListenerAdapter - Downloading http://repo.maven.apache.org/maven2/org/springframework/spring-web/3.2.3.RELEASE/spring-web-3.2.3.RELEASE.pom
2013-12-28 16:11:30,632 [New I/O client worker #22-1] INFO  o.e.m.c.i.e.AbstractTransferListenerAdapter - Downloaded http://repo.maven.apache.org/maven2/org/springframework/spring-web/3.2.3.RELEASE/spring-web-3.2.3.RELEASE.pom
2013-12-28 16:11:30,648 [New I/O client worker #23-1] INFO  o.e.m.c.i.e.AbstractTransferListenerAdapter - Downloading http://repo.maven.apache.org/maven2/org/springframework/spring-web/3.2.3.RELEASE/spring-web-3.2.3.RELEASE.pom
2013-12-28 16:11:30,651 [New I/O client worker #23-1] INFO  o.e.m.c.i.e.AbstractTransferListenerAdapter - Downloaded http://repo.maven.apache.org/maven2/org/springframework/spring-web/3.2.3.RELEASE/spring-web-3.2.3.RELEASE.pom
2013-12-28 16:11:30,671 [Worker-11] INFO  c.n.h.c.p.n.NettyAsyncHttpProvider - Number of application's worked threads is 8
2013-12-28 16:11:30,692 [New I/O client worker #24-1] INFO  o.e.m.c.i.e.AbstractTransferListenerAdapter - Downloading http://repo.maven.apache.org/maven2/javax/servlet/jstl/1.2/jstl-1.2.pom
2013-12-28 16:11:30,695 [New I/O client worker #24-1] INFO  o.e.m.c.i.e.AbstractTransferListenerAdapter - Downloaded http://repo.maven.apache.org/maven2/javax/servlet/jstl/1.2/jstl-1.2.pom
2013-12-28 16:11:30,703 [Worker-8] INFO  c.n.h.c.p.n.NettyAsyncHttpProvider - Number of application's worked threads is 8
2013-12-28 16:11:30,710 [Worker-8] INFO  c.n.h.c.p.n.NettyAsyncHttpProvider - Number of application's worked threads is 8
2013-12-28 16:11:30,727 [New I/O client worker #26-1] INFO  o.e.m.c.i.e.AbstractTransferListenerAdapter - Downloading http://repo.maven.apache.org/maven2/javax/servlet/jstl/1.2/jstl-1.2.pom
2013-12-28 16:11:30,729 [New I/O client worker #26-1] INFO  o.e.m.c.i.e.AbstractTransferListenerAdapter - Downloaded http://repo.maven.apache.org/maven2/javax/servlet/jstl/1.2/jstl-1.2.pom
2013-12-28 16:11:30,757 [Worker-11] INFO  c.n.h.c.p.n.NettyAsyncHttpProvider - Number of application's worked threads is 8
2013-12-28 16:11:30,761 [Worker-8] INFO  c.n.h.c.p.n.NettyAsyncHttpProvider - Number of application's worked threads is 8
2013-12-28 16:11:30,802 [New I/O client worker #28-1] INFO  o.e.m.c.i.e.AbstractTransferListenerAdapter - Downloading http://repo.maven.apache.org/maven2/javax/servlet/jsp/jsp-api/2.2/jsp-api-2.2.pom
2013-12-28 16:11:30,803 [New I/O client worker #28-1] INFO  o.e.m.c.i.e.AbstractTransferListenerAdapter - Downloaded http://repo.maven.apache.org/maven2/javax/servlet/jsp/jsp-api/2.2/jsp-api-2.2.pom
2013-12-28 16:11:30,804 [New I/O client worker #27-1] INFO  o.e.m.c.i.e.AbstractTransferListenerAdapter - Downloading http://repo.maven.apache.org/maven2/javax/servlet/jsp/jsp-api/2.2/jsp-api-2.2.pom
2013-12-28 16:11:30,805 [New I/O client worker #27-1] INFO  o.e.m.c.i.e.AbstractTransferListenerAdapter - Downloaded http://repo.maven.apache.org/maven2/javax/servlet/jsp/jsp-api/2.2/jsp-api-2.2.pom
2013-12-28 16:11:30,843 [Worker-8] INFO  c.n.h.c.p.n.NettyAsyncHttpProvider - Number of application's worked threads is 8
2013-12-28 16:11:30,852 [Worker-11] INFO  c.n.h.c.p.n.NettyAsyncHttpProvider - Number of application's worked threads is 8
2013-12-28 16:11:30,864 [New I/O client worker #29-1] INFO  o.e.m.c.i.e.AbstractTransferListenerAdapter - Downloading http://repo.maven.apache.org/maven2/org/glassfish/web/jsp/2.2/jsp-2.2.pom
2013-12-28 16:11:30,866 [New I/O client worker #29-1] INFO  o.e.m.c.i.e.AbstractTransferListenerAdapter - Downloaded http://repo.maven.apache.org/maven2/org/glassfish/web/jsp/2.2/jsp-2.2.pom
2013-12-28 16:11:30,872 [New I/O client worker #30-1] INFO  o.e.m.c.i.e.AbstractTransferListenerAdapter - Downloading http://repo.maven.apache.org/maven2/org/glassfish/web/jsp/2.2/jsp-2.2.pom
2013-12-28 16:11:30,874 [New I/O client worker #30-1] INFO  o.e.m.c.i.e.AbstractTransferListenerAdapter - Downloaded http://repo.maven.apache.org/maven2/org/glassfish/web/jsp/2.2/jsp-2.2.pom
2013-12-28 16:11:30,904 [Worker-8] INFO  c.n.h.c.p.n.NettyAsyncHttpProvider - Number of application's worked threads is 8
2013-12-28 16:11:30,927 [Worker-11] INFO  c.n.h.c.p.n.NettyAsyncHttpProvider - Number of application's worked threads is 8
2013-12-28 16:11:30,928 [New I/O client worker #31-1] INFO  o.e.m.c.i.e.AbstractTransferListenerAdapter - Downloading http://repo.maven.apache.org/maven2/org/springframework/spring-tx/3.2.3.RELEASE/spring-tx-3.2.3.RELEASE.pom
2013-12-28 16:11:30,929 [New I/O client worker #31-1] INFO  o.e.m.c.i.e.AbstractTransferListenerAdapter - Downloaded http://repo.maven.apache.org/maven2/org/springframework/spring-tx/3.2.3.RELEASE/spring-tx-3.2.3.RELEASE.pom
2013-12-28 16:11:30,941 [New I/O client worker #32-1] INFO  o.e.m.c.i.e.AbstractTransferListenerAdapter - Downloading http://repo.maven.apache.org/maven2/org/springframework/spring-tx/3.2.3.RELEASE/spring-tx-3.2.3.RELEASE.pom
2013-12-28 16:11:30,942 [New I/O client worker #32-1] INFO  o.e.m.c.i.e.AbstractTransferListenerAdapter - Downloaded http://repo.maven.apache.org/maven2/org/springframework/spring-tx/3.2.3.RELEASE/spring-tx-3.2.3.RELEASE.pom
2013-12-28 16:11:30,989 [Worker-8] INFO  c.n.h.c.p.n.NettyAsyncHttpProvider - Number of application's worked threads is 8
2013-12-28 16:11:31,012 [Worker-11] INFO  c.n.h.c.p.n.NettyAsyncHttpProvider - Number of application's worked threads is 8
2013-12-28 16:11:31,016 [New I/O client worker #33-1] INFO  o.e.m.c.i.e.AbstractTransferListenerAdapter - Downloading http://repo.maven.apache.org/maven2/ch/qos/logback/logback-classic/1.0.13/logback-classic-1.0.13.pom
2013-12-28 16:11:31,018 [New I/O client worker #33-1] INFO  o.e.m.c.i.e.AbstractTransferListenerAdapter - Downloaded http://repo.maven.apache.org/maven2/ch/qos/logback/logback-classic/1.0.13/logback-classic-1.0.13.pom
2013-12-28 16:11:31,033 [New I/O client worker #34-1] INFO  o.e.m.c.i.e.AbstractTransferListenerAdapter - Downloading http://repo.maven.apache.org/maven2/ch/qos/logback/logback-classic/1.0.13/logback-classic-1.0.13.pom
2013-12-28 16:11:31,035 [New I/O client worker #34-1] INFO  o.e.m.c.i.e.AbstractTransferListenerAdapter - Downloaded http://repo.maven.apache.org/maven2/ch/qos/logback/logback-classic/1.0.13/logback-classic-1.0.13.pom
2013-12-28 16:11:31,054 [Worker-8] INFO  c.n.h.c.p.n.NettyAsyncHttpProvider - Number of application's worked threads is 8
2013-12-28 16:11:31,072 [Worker-11] INFO  c.n.h.c.p.n.NettyAsyncHttpProvider - Number of application's worked threads is 8
2013-12-28 16:11:31,076 [New I/O client worker #35-1] INFO  o.e.m.c.i.e.AbstractTransferListenerAdapter - Downloading http://repo.maven.apache.org/maven2/ch/qos/logback/logback-parent/1.0.13/logback-parent-1.0.13.pom
2013-12-28 16:11:31,081 [New I/O client worker #35-1] INFO  o.e.m.c.i.e.AbstractTransferListenerAdapter - Downloaded http://repo.maven.apache.org/maven2/ch/qos/logback/logback-parent/1.0.13/logback-parent-1.0.13.pom
2013-12-28 16:11:31,099 [New I/O client worker #36-1] INFO  o.e.m.c.i.e.AbstractTransferListenerAdapter - Downloading http://repo.maven.apache.org/maven2/ch/qos/logback/logback-parent/1.0.13/logback-parent-1.0.13.pom
2013-12-28 16:11:31,101 [New I/O client worker #36-1] INFO  o.e.m.c.i.e.AbstractTransferListenerAdapter - Downloaded http://repo.maven.apache.org/maven2/ch/qos/logback/logback-parent/1.0.13/logback-parent-1.0.13.pom
2013-12-28 16:11:31,143 [Worker-8] INFO  c.n.h.c.p.n.NettyAsyncHttpProvider - Number of application's worked threads is 8
2013-12-28 16:11:31,165 [Worker-11] INFO  c.n.h.c.p.n.NettyAsyncHttpProvider - Number of application's worked threads is 8
2013-12-28 16:11:31,172 [New I/O client worker #37-1] INFO  o.e.m.c.i.e.AbstractTransferListenerAdapter - Downloading http://repo.maven.apache.org/maven2/ch/qos/logback/logback-core/1.0.13/logback-core-1.0.13.pom
2013-12-28 16:11:31,173 [New I/O client worker #37-1] INFO  o.e.m.c.i.e.AbstractTransferListenerAdapter - Downloaded http://repo.maven.apache.org/maven2/ch/qos/logback/logback-core/1.0.13/logback-core-1.0.13.pom
2013-12-28 16:11:31,182 [New I/O client worker #38-1] INFO  o.e.m.c.i.e.AbstractTransferListenerAdapter - Downloading http://repo.maven.apache.org/maven2/ch/qos/logback/logback-core/1.0.13/logback-core-1.0.13.pom
2013-12-28 16:11:31,183 [New I/O client worker #38-1] INFO  o.e.m.c.i.e.AbstractTransferListenerAdapter - Downloaded http://repo.maven.apache.org/maven2/ch/qos/logback/logback-core/1.0.13/logback-core-1.0.13.pom
2013-12-28 16:11:31,215 [Worker-8] INFO  c.n.h.c.p.n.NettyAsyncHttpProvider - Number of application's worked threads is 8
2013-12-28 16:11:31,231 [Worker-11] INFO  c.n.h.c.p.n.NettyAsyncHttpProvider - Number of application's worked threads is 8
2013-12-28 16:11:31,237 [New I/O client worker #39-1] INFO  o.e.m.c.i.e.AbstractTransferListenerAdapter - Downloading http://repo.maven.apache.org/maven2/org/hibernate/hibernate-entitymanager/4.2.1.Final/hibernate-entitymanager-4.2.1.Final.pom
2013-12-28 16:11:31,241 [New I/O client worker #39-1] INFO  o.e.m.c.i.e.AbstractTransferListenerAdapter - Downloaded http://repo.maven.apache.org/maven2/org/hibernate/hibernate-entitymanager/4.2.1.Final/hibernate-entitymanager-4.2.1.Final.pom
2013-12-28 16:11:31,248 [New I/O client worker #40-1] INFO  o.e.m.c.i.e.AbstractTransferListenerAdapter - Downloading http://repo.maven.apache.org/maven2/org/hibernate/hibernate-entitymanager/4.2.1.Final/hibernate-entitymanager-4.2.1.Final.pom
2013-12-28 16:11:31,250 [New I/O client worker #40-1] INFO  o.e.m.c.i.e.AbstractTransferListenerAdapter - Downloaded http://repo.maven.apache.org/maven2/org/hibernate/hibernate-entitymanager/4.2.1.Final/hibernate-entitymanager-4.2.1.Final.pom
2013-12-28 16:11:31,289 [Worker-8] INFO  c.n.h.c.p.n.NettyAsyncHttpProvider - Number of application's worked threads is 8
2013-12-28 16:11:31,309 [Worker-11] INFO  c.n.h.c.p.n.NettyAsyncHttpProvider - Number of application's worked threads is 8
2013-12-28 16:11:31,310 [New I/O client worker #41-1] INFO  o.e.m.c.i.e.AbstractTransferListenerAdapter - Downloading http://repo.maven.apache.org/maven2/org/jboss/logging/jboss-logging/3.1.0.GA/jboss-logging-3.1.0.GA.pom
2013-12-28 16:11:31,314 [New I/O client worker #41-1] INFO  o.e.m.c.i.e.AbstractTransferListenerAdapter - Downloaded http://repo.maven.apache.org/maven2/org/jboss/logging/jboss-logging/3.1.0.GA/jboss-logging-3.1.0.GA.pom
2013-12-28 16:11:31,315 [Worker-11] INFO  c.n.h.c.p.n.NettyAsyncHttpProvider - Number of application's worked threads is 8
2013-12-28 16:11:31,339 [New I/O client worker #43-1] INFO  o.e.m.c.i.e.AbstractTransferListenerAdapter - Downloading http://repo.maven.apache.org/maven2/org/jboss/logging/jboss-logging/3.1.0.GA/jboss-logging-3.1.0.GA.pom
2013-12-28 16:11:31,341 [New I/O client worker #43-1] INFO  o.e.m.c.i.e.AbstractTransferListenerAdapter - Downloaded http://repo.maven.apache.org/maven2/org/jboss/logging/jboss-logging/3.1.0.GA/jboss-logging-3.1.0.GA.pom
2013-12-28 16:11:31,357 [Worker-8] INFO  c.n.h.c.p.n.NettyAsyncHttpProvider - Number of application's worked threads is 8
2013-12-28 16:11:31,395 [New I/O client worker #44-1] INFO  o.e.m.c.i.e.AbstractTransferListenerAdapter - Downloading http://repo.maven.apache.org/maven2/org/jboss/jboss-parent/7/jboss-parent-7.pom
2013-12-28 16:11:31,396 [Worker-11] INFO  c.n.h.c.p.n.NettyAsyncHttpProvider - Number of application's worked threads is 8
2013-12-28 16:11:31,400 [New I/O client worker #44-1] INFO  o.e.m.c.i.e.AbstractTransferListenerAdapter - Downloaded http://repo.maven.apache.org/maven2/org/jboss/jboss-parent/7/jboss-parent-7.pom
2013-12-28 16:11:31,415 [New I/O client worker #45-1] INFO  o.e.m.c.i.e.AbstractTransferListenerAdapter - Downloading http://repo.maven.apache.org/maven2/org/hibernate/hibernate-core/4.2.1.Final/hibernate-core-4.2.1.Final.pom
2013-12-28 16:11:31,423 [New I/O client worker #45-1] INFO  o.e.m.c.i.e.AbstractTransferListenerAdapter - Downloaded http://repo.maven.apache.org/maven2/org/hibernate/hibernate-core/4.2.1.Final/hibernate-core-4.2.1.Final.pom
2013-12-28 16:11:31,446 [Worker-8] INFO  c.n.h.c.p.n.NettyAsyncHttpProvider - Number of application's worked threads is 8
2013-12-28 16:11:31,451 [Worker-8] INFO  c.n.h.c.p.n.NettyAsyncHttpProvider - Number of application's worked threads is 8
2013-12-28 16:11:31,467 [New I/O client worker #47-1] INFO  o.e.m.c.i.e.AbstractTransferListenerAdapter - Downloading http://repo.maven.apache.org/maven2/org/hibernate/hibernate-core/4.2.1.Final/hibernate-core-4.2.1.Final.pom
2013-12-28 16:11:31,473 [Worker-11] INFO  c.n.h.c.p.n.NettyAsyncHttpProvider - Number of application's worked threads is 8
2013-12-28 16:11:31,474 [New I/O client worker #47-1] INFO  o.e.m.c.i.e.AbstractTransferListenerAdapter - Downloaded http://repo.maven.apache.org/maven2/org/hibernate/hibernate-core/4.2.1.Final/hibernate-core-4.2.1.Final.pom
2013-12-28 16:11:31,482 [Worker-8] INFO  c.n.h.c.p.n.NettyAsyncHttpProvider - Number of application's worked threads is 8
2013-12-28 16:11:31,492 [New I/O client worker #48-1] INFO  o.e.m.c.i.e.AbstractTransferListenerAdapter - Downloading http://repo.maven.apache.org/maven2/antlr/antlr/2.7.7/antlr-2.7.7.pom
2013-12-28 16:11:31,494 [New I/O client worker #48-1] INFO  o.e.m.c.i.e.AbstractTransferListenerAdapter - Downloaded http://repo.maven.apache.org/maven2/antlr/antlr/2.7.7/antlr-2.7.7.pom
2013-12-28 16:11:31,504 [New I/O client worker #49-1] INFO  o.e.m.c.i.e.AbstractTransferListenerAdapter - Downloading http://repo.maven.apache.org/maven2/dom4j/dom4j/1.6.1/dom4j-1.6.1.pom
2013-12-28 16:11:31,506 [New I/O client worker #49-1] INFO  o.e.m.c.i.e.AbstractTransferListenerAdapter - Downloaded http://repo.maven.apache.org/maven2/dom4j/dom4j/1.6.1/dom4j-1.6.1.pom
2013-12-28 16:11:31,533 [Worker-11] INFO  c.n.h.c.p.n.NettyAsyncHttpProvider - Number of application's worked threads is 8
2013-12-28 16:11:31,536 [Worker-8] INFO  c.n.h.c.p.n.NettyAsyncHttpProvider - Number of application's worked threads is 8
2013-12-28 16:11:31,548 [New I/O client worker #50-1] INFO  o.e.m.c.i.e.AbstractTransferListenerAdapter - Downloading http://repo.maven.apache.org/maven2/org/jboss/spec/javax/transaction/jboss-transaction-api_1.1_spec/1.0.1.Final/jboss-transaction-api_1.1_spec-1.0.1.Final.pom
2013-12-28 16:11:31,550 [New I/O client worker #50-1] INFO  o.e.m.c.i.e.AbstractTransferListenerAdapter - Downloaded http://repo.maven.apache.org/maven2/org/jboss/spec/javax/transaction/jboss-transaction-api_1.1_spec/1.0.1.Final/jboss-transaction-api_1.1_spec-1.0.1.Final.pom
2013-12-28 16:11:31,551 [New I/O client worker #51-1] INFO  o.e.m.c.i.e.AbstractTransferListenerAdapter - Downloading http://repo.maven.apache.org/maven2/org/jboss/spec/javax/transaction/jboss-transaction-api_1.1_spec/1.0.1.Final/jboss-transaction-api_1.1_spec-1.0.1.Final.pom
2013-12-28 16:11:31,552 [New I/O client worker #51-1] INFO  o.e.m.c.i.e.AbstractTransferListenerAdapter - Downloaded http://repo.maven.apache.org/maven2/org/jboss/spec/javax/transaction/jboss-transaction-api_1.1_spec/1.0.1.Final/jboss-transaction-api_1.1_spec-1.0.1.Final.pom
2013-12-28 16:11:31,578 [Worker-11] INFO  c.n.h.c.p.n.NettyAsyncHttpProvider - Number of application's worked threads is 8
2013-12-28 16:11:31,603 [Worker-8] INFO  c.n.h.c.p.n.NettyAsyncHttpProvider - Number of application's worked threads is 8
2013-12-28 16:11:31,610 [New I/O client worker #52-1] INFO  o.e.m.c.i.e.AbstractTransferListenerAdapter - Downloading http://repo.maven.apache.org/maven2/org/jboss/jboss-parent/9/jboss-parent-9.pom
2013-12-28 16:11:31,618 [New I/O client worker #53-1] INFO  o.e.m.c.i.e.AbstractTransferListenerAdapter - Downloading http://repo.maven.apache.org/maven2/org/jboss/jboss-parent/9/jboss-parent-9.pom
2013-12-28 16:11:31,618 [New I/O client worker #52-1] INFO  o.e.m.c.i.e.AbstractTransferListenerAdapter - Downloaded http://repo.maven.apache.org/maven2/org/jboss/jboss-parent/9/jboss-parent-9.pom
2013-12-28 16:11:31,626 [New I/O client worker #53-1] INFO  o.e.m.c.i.e.AbstractTransferListenerAdapter - Downloaded http://repo.maven.apache.org/maven2/org/jboss/jboss-parent/9/jboss-parent-9.pom
2013-12-28 16:11:31,664 [Worker-11] INFO  c.n.h.c.p.n.NettyAsyncHttpProvider - Number of application's worked threads is 8
2013-12-28 16:11:31,679 [Worker-8] INFO  c.n.h.c.p.n.NettyAsyncHttpProvider - Number of application's worked threads is 8
2013-12-28 16:11:31,687 [New I/O client worker #54-1] INFO  o.e.m.c.i.e.AbstractTransferListenerAdapter - Downloading http://repo.maven.apache.org/maven2/org/hibernate/javax/persistence/hibernate-jpa-2.0-api/1.0.1.Final/hibernate-jpa-2.0-api-1.0.1.Final.pom
2013-12-28 16:11:31,690 [New I/O client worker #54-1] INFO  o.e.m.c.i.e.AbstractTransferListenerAdapter - Downloaded http://repo.maven.apache.org/maven2/org/hibernate/javax/persistence/hibernate-jpa-2.0-api/1.0.1.Final/hibernate-jpa-2.0-api-1.0.1.Final.pom
2013-12-28 16:11:31,700 [New I/O client worker #55-1] INFO  o.e.m.c.i.e.AbstractTransferListenerAdapter - Downloading http://repo.maven.apache.org/maven2/org/hibernate/javax/persistence/hibernate-jpa-2.0-api/1.0.1.Final/hibernate-jpa-2.0-api-1.0.1.Final.pom
2013-12-28 16:11:31,704 [New I/O client worker #55-1] INFO  o.e.m.c.i.e.AbstractTransferListenerAdapter - Downloaded http://repo.maven.apache.org/maven2/org/hibernate/javax/persistence/hibernate-jpa-2.0-api/1.0.1.Final/hibernate-jpa-2.0-api-1.0.1.Final.pom
2013-12-28 16:11:31,737 [Worker-11] INFO  c.n.h.c.p.n.NettyAsyncHttpProvider - Number of application's worked threads is 8
2013-12-28 16:11:31,757 [Worker-8] INFO  c.n.h.c.p.n.NettyAsyncHttpProvider - Number of application's worked threads is 8
2013-12-28 16:11:31,760 [New I/O client worker #56-1] INFO  o.e.m.c.i.e.AbstractTransferListenerAdapter - Downloading http://repo.maven.apache.org/maven2/org/javassist/javassist/3.15.0-GA/javassist-3.15.0-GA.pom
2013-12-28 16:11:31,763 [New I/O client worker #56-1] INFO  o.e.m.c.i.e.AbstractTransferListenerAdapter - Downloaded http://repo.maven.apache.org/maven2/org/javassist/javassist/3.15.0-GA/javassist-3.15.0-GA.pom
2013-12-28 16:11:31,774 [New I/O client worker #57-1] INFO  o.e.m.c.i.e.AbstractTransferListenerAdapter - Downloading http://repo.maven.apache.org/maven2/org/javassist/javassist/3.15.0-GA/javassist-3.15.0-GA.pom
2013-12-28 16:11:31,777 [New I/O client worker #57-1] INFO  o.e.m.c.i.e.AbstractTransferListenerAdapter - Downloaded http://repo.maven.apache.org/maven2/org/javassist/javassist/3.15.0-GA/javassist-3.15.0-GA.pom
2013-12-28 16:11:31,797 [Worker-11] INFO  c.n.h.c.p.n.NettyAsyncHttpProvider - Number of application's worked threads is 8
2013-12-28 16:11:31,812 [Worker-8] INFO  c.n.h.c.p.n.NettyAsyncHttpProvider - Number of application's worked threads is 8
2013-12-28 16:11:31,813 [New I/O client worker #58-1] INFO  o.e.m.c.i.e.AbstractTransferListenerAdapter - Downloading http://repo.maven.apache.org/maven2/org/hibernate/common/hibernate-commons-annotations/4.0.1.Final/hibernate-commons-annotations-4.0.1.Final.pom
2013-12-28 16:11:31,815 [Worker-8] INFO  c.n.h.c.p.n.NettyAsyncHttpProvider - Number of application's worked threads is 8
2013-12-28 16:11:31,820 [New I/O client worker #58-1] INFO  o.e.m.c.i.e.AbstractTransferListenerAdapter - Downloaded http://repo.maven.apache.org/maven2/org/hibernate/common/hibernate-commons-annotations/4.0.1.Final/hibernate-commons-annotations-4.0.1.Final.pom
2013-12-28 16:11:31,852 [New I/O client worker #60-1] INFO  o.e.m.c.i.e.AbstractTransferListenerAdapter - Downloading http://repo.maven.apache.org/maven2/org/hibernate/common/hibernate-commons-annotations/4.0.1.Final/hibernate-commons-annotations-4.0.1.Final.pom
2013-12-28 16:11:31,888 [Worker-11] INFO  c.n.h.c.p.n.NettyAsyncHttpProvider - Number of application's worked threads is 8
2013-12-28 16:11:31,907 [New I/O client worker #61-1] INFO  o.e.m.c.i.e.AbstractTransferListenerAdapter - Downloading http://repo.maven.apache.org/maven2/org/jboss/logging/jboss-logging/3.1.0.CR2/jboss-logging-3.1.0.CR2.pom
2013-12-28 16:11:31,917 [New I/O client worker #61-1] INFO  o.e.m.c.i.e.AbstractTransferListenerAdapter - Downloaded http://repo.maven.apache.org/maven2/org/jboss/logging/jboss-logging/3.1.0.CR2/jboss-logging-3.1.0.CR2.pom
2013-12-28 16:11:31,917 [Worker-8] INFO  c.n.h.c.p.n.NettyAsyncHttpProvider - Number of application's worked threads is 8
2013-12-28 16:11:31,933 [New I/O client worker #62-1] INFO  o.e.m.c.i.e.AbstractTransferListenerAdapter - Downloading http://repo.maven.apache.org/maven2/org/springframework/spring-test/3.2.3.RELEASE/spring-test-3.2.3.RELEASE.pom
2013-12-28 16:11:31,935 [New I/O client worker #62-1] INFO  o.e.m.c.i.e.AbstractTransferListenerAdapter - Downloaded http://repo.maven.apache.org/maven2/org/springframework/spring-test/3.2.3.RELEASE/spring-test-3.2.3.RELEASE.pom
2013-12-28 16:11:31,957 [Worker-11] INFO  c.n.h.c.p.n.NettyAsyncHttpProvider - Number of application's worked threads is 8
2013-12-28 16:11:31,972 [Worker-8] INFO  c.n.h.c.p.n.NettyAsyncHttpProvider - Number of application's worked threads is 8
2013-12-28 16:11:31,973 [New I/O client worker #63-1] INFO  o.e.m.c.i.e.AbstractTransferListenerAdapter - Downloading http://repo.maven.apache.org/maven2/org/jboss/jboss-parent/6/jboss-parent-6.pom
2013-12-28 16:11:31,982 [New I/O client worker #63-1] INFO  o.e.m.c.i.e.AbstractTransferListenerAdapter - Downloaded http://repo.maven.apache.org/maven2/org/jboss/jboss-parent/6/jboss-parent-6.pom
2013-12-28 16:11:31,987 [New I/O client worker #64-1] INFO  o.e.m.c.i.e.AbstractTransferListenerAdapter - Downloading http://repo.maven.apache.org/maven2/junit/junit/4.11/junit-4.11.pom
2013-12-28 16:11:31,989 [New I/O client worker #64-1] INFO  o.e.m.c.i.e.AbstractTransferListenerAdapter - Downloaded http://repo.maven.apache.org/maven2/junit/junit/4.11/junit-4.11.pom
2013-12-28 16:11:32,019 [Worker-8] INFO  c.n.h.c.p.n.NettyAsyncHttpProvider - Number of application's worked threads is 8
2013-12-28 16:11:32,033 [New I/O client worker #65-1] INFO  o.e.m.c.i.e.AbstractTransferListenerAdapter - Downloading http://repo.maven.apache.org/maven2/org/hamcrest/hamcrest-core/1.3/hamcrest-core-1.3.pom
2013-12-28 16:11:32,036 [New I/O client worker #65-1] INFO  o.e.m.c.i.e.AbstractTransferListenerAdapter - Downloaded http://repo.maven.apache.org/maven2/org/hamcrest/hamcrest-core/1.3/hamcrest-core-1.3.pom
2013-12-28 16:11:32,052 [Worker-11] INFO  c.n.h.c.p.n.NettyAsyncHttpProvider - Number of application's worked threads is 8
2013-12-28 16:11:32,055 [Worker-11] INFO  c.n.h.c.p.n.NettyAsyncHttpProvider - Number of application's worked threads is 8
2013-12-28 16:11:32,068 [Worker-8] INFO  c.n.h.c.p.n.NettyAsyncHttpProvider - Number of application's worked threads is 8
2013-12-28 16:11:32,070 [New I/O client worker #67-1] INFO  o.e.m.c.i.e.AbstractTransferListenerAdapter - Downloading http://repo.maven.apache.org/maven2/org/hamcrest/hamcrest-core/1.3/hamcrest-core-1.3.pom
2013-12-28 16:11:32,072 [New I/O client worker #67-1] INFO  o.e.m.c.i.e.AbstractTransferListenerAdapter - Downloaded http://repo.maven.apache.org/maven2/org/hamcrest/hamcrest-core/1.3/hamcrest-core-1.3.pom
2013-12-28 16:11:32,100 [New I/O client worker #68-1] INFO  o.e.m.c.i.e.AbstractTransferListenerAdapter - Downloading http://repo.maven.apache.org/maven2/org/hamcrest/hamcrest-parent/1.3/hamcrest-parent-1.3.pom
2013-12-28 16:11:32,105 [New I/O client worker #68-1] INFO  o.e.m.c.i.e.AbstractTransferListenerAdapter - Downloaded http://repo.maven.apache.org/maven2/org/hamcrest/hamcrest-parent/1.3/hamcrest-parent-1.3.pom
2013-12-28 16:11:33,217 [Worker-8] INFO  c.n.h.c.p.n.NettyAsyncHttpProvider - Number of application's worked threads is 8
2013-12-28 16:11:33,237 [New I/O client worker #69-1] INFO  o.e.m.c.i.e.AbstractTransferListenerAdapter - Downloading http://repo.maven.apache.org/maven2/org/apache/maven/plugins/maven-resources-plugin/2.5/maven-resources-plugin-2.5.pom
2013-12-28 16:11:33,239 [New I/O client worker #69-1] INFO  o.e.m.c.i.e.AbstractTransferListenerAdapter - Downloaded http://repo.maven.apache.org/maven2/org/apache/maven/plugins/maven-resources-plugin/2.5/maven-resources-plugin-2.5.pom
2013-12-28 16:11:33,305 [Worker-8] INFO  c.n.h.c.p.n.NettyAsyncHttpProvider - Number of application's worked threads is 8
2013-12-28 16:11:33,325 [New I/O client worker #70-1] INFO  o.e.m.c.i.e.AbstractTransferListenerAdapter - Downloading http://repo.maven.apache.org/maven2/org/apache/maven/plugins/maven-plugins/19/maven-plugins-19.pom
2013-12-28 16:11:33,328 [New I/O client worker #70-1] INFO  o.e.m.c.i.e.AbstractTransferListenerAdapter - Downloaded http://repo.maven.apache.org/maven2/org/apache/maven/plugins/maven-plugins/19/maven-plugins-19.pom
2013-12-28 16:11:33,404 [Worker-8] INFO  c.n.h.c.p.n.NettyAsyncHttpProvider - Number of application's worked threads is 8
2013-12-28 16:11:33,425 [New I/O client worker #71-1] INFO  o.e.m.c.i.e.AbstractTransferListenerAdapter - Downloading http://repo.maven.apache.org/maven2/org/apache/maven/plugins/maven-war-plugin/2.1.1/maven-war-plugin-2.1.1.pom
2013-12-28 16:11:33,426 [New I/O client worker #71-1] INFO  o.e.m.c.i.e.AbstractTransferListenerAdapter - Downloaded http://repo.maven.apache.org/maven2/org/apache/maven/plugins/maven-war-plugin/2.1.1/maven-war-plugin-2.1.1.pom
2013-12-28 16:11:33,506 [Worker-8] INFO  c.n.h.c.p.n.NettyAsyncHttpProvider - Number of application's worked threads is 8
2013-12-28 16:11:33,521 [New I/O client worker #72-1] INFO  o.e.m.c.i.e.AbstractTransferListenerAdapter - Downloading http://repo.maven.apache.org/maven2/org/apache/maven/shared/maven-filtering/1.0/maven-filtering-1.0.pom
2013-12-28 16:11:33,527 [New I/O client worker #72-1] INFO  o.e.m.c.i.e.AbstractTransferListenerAdapter - Downloaded http://repo.maven.apache.org/maven2/org/apache/maven/shared/maven-filtering/1.0/maven-filtering-1.0.pom
2013-12-28 16:11:33,712 [Worker-8] INFO  c.n.h.c.p.n.NettyAsyncHttpProvider - Number of application's worked threads is 8
2013-12-28 16:11:33,728 [New I/O client worker #73-1] INFO  o.e.m.c.i.e.AbstractTransferListenerAdapter - Downloading http://repo.maven.apache.org/maven2/org/apache/maven/shared/maven-filtering/1.0/maven-filtering-1.0.jar
2013-12-28 16:11:33,741 [New I/O client worker #73-1] INFO  o.e.m.c.i.e.AbstractTransferListenerAdapter - Downloaded http://repo.maven.apache.org/maven2/org/apache/maven/shared/maven-filtering/1.0/maven-filtering-1.0.jar
2013-12-28 16:11:34,021 [Worker-8] INFO  o.e.m.c.i.embedder.EclipseLogger - Using 'UTF-8' encoding to copy filtered resources.
2013-12-28 16:11:34,026 [Worker-8] INFO  o.e.m.c.i.embedder.EclipseLogger - Copying 2 resources
2013-12-28 16:11:34,049 [Worker-8] INFO  o.e.m.c.i.embedder.EclipseLogger - Using 'UTF-8' encoding to copy filtered resources.
2013-12-28 16:11:34,049 [Worker-8] INFO  o.e.m.c.i.embedder.EclipseLogger - skip non existing resourceDirectory /Users/mito/Documents/work/develop/git-repo/samayaaan/SpringMVC-Roo/SpringSample/src/test/resources
2013-12-28 16:11:35,303 [Worker-12] INFO  o.e.m.c.i.l.LifecycleMappingFactory - Using org.maven.ide.eclipse.wtp.WarLifecycleMapping lifecycle mapping for MavenProject: org.springframework.samples.service.service:SpringSample:0.0.1-SNAPSHOT @ /Users/mito/Documents/work/develop/git-repo/samayaaan/SpringMVC-Roo/SpringSample/pom.xml.
2013-12-28 16:11:35,632 [Worker-12] INFO  c.n.h.c.p.n.NettyAsyncHttpProvider - Number of application's worked threads is 8
2013-12-28 16:11:35,666 [New I/O client worker #74-1] INFO  o.e.m.c.i.e.AbstractTransferListenerAdapter - Downloading http://repo.maven.apache.org/maven2/org/springframework/spring-webmvc/3.2.3.RELEASE/spring-webmvc-3.2.3.RELEASE.jar
2013-12-28 16:11:35,672 [New I/O client worker #74-2] INFO  o.e.m.c.i.e.AbstractTransferListenerAdapter - Downloading http://repo.maven.apache.org/maven2/org/springframework/spring-beans/3.2.3.RELEASE/spring-beans-3.2.3.RELEASE.jar
2013-12-28 16:11:35,719 [New I/O client worker #74-3] INFO  o.e.m.c.i.e.AbstractTransferListenerAdapter - Downloading http://repo.maven.apache.org/maven2/org/springframework/spring-context/3.2.3.RELEASE/spring-context-3.2.3.RELEASE.jar
2013-12-28 16:11:35,719 [New I/O client worker #74-8] INFO  o.e.m.c.i.e.AbstractTransferListenerAdapter - Downloading http://repo.maven.apache.org/maven2/org/springframework/spring-web/3.2.3.RELEASE/spring-web-3.2.3.RELEASE.jar
2013-12-28 16:11:35,722 [New I/O client worker #74-1] INFO  o.e.m.c.i.e.AbstractTransferListenerAdapter - Downloading http://repo.maven.apache.org/maven2/javax/servlet/jstl/1.2/jstl-1.2.jar
2013-12-28 16:11:35,781 [New I/O client worker #74-1] INFO  o.e.m.c.i.e.AbstractTransferListenerAdapter - Downloading http://repo.maven.apache.org/maven2/junit/junit/4.11/junit-4.11.jar
2013-12-28 16:11:35,782 [New I/O client worker #74-3] INFO  o.e.m.c.i.e.AbstractTransferListenerAdapter - Downloading http://repo.maven.apache.org/maven2/org/springframework/spring-tx/3.2.3.RELEASE/spring-tx-3.2.3.RELEASE.jar
2013-12-28 16:11:35,782 [New I/O client worker #74-1] INFO  o.e.m.c.i.e.AbstractTransferListenerAdapter - Downloading http://repo.maven.apache.org/maven2/org/hibernate/hibernate-core/4.2.1.Final/hibernate-core-4.2.1.Final.jar
2013-12-28 16:11:35,783 [New I/O client worker #74-3] INFO  o.e.m.c.i.e.AbstractTransferListenerAdapter - Downloading http://repo.maven.apache.org/maven2/dom4j/dom4j/1.6.1/dom4j-1.6.1.jar
2013-12-28 16:11:35,785 [New I/O client worker #74-4] INFO  o.e.m.c.i.e.AbstractTransferListenerAdapter - Downloading http://repo.maven.apache.org/maven2/org/springframework/spring-aop/3.2.3.RELEASE/spring-aop-3.2.3.RELEASE.jar
2013-12-28 16:11:35,786 [New I/O client worker #74-4] INFO  o.e.m.c.i.e.AbstractTransferListenerAdapter - Downloading http://repo.maven.apache.org/maven2/org/jboss/spec/javax/transaction/jboss-transaction-api_1.1_spec/1.0.1.Final/jboss-transaction-api_1.1_spec-1.0.1.Final.jar
2013-12-28 16:11:35,785 [New I/O client worker #74-7] INFO  o.e.m.c.i.e.AbstractTransferListenerAdapter - Downloading http://repo.maven.apache.org/maven2/org/hibernate/hibernate-entitymanager/4.2.1.Final/hibernate-entitymanager-4.2.1.Final.jar
2013-12-28 16:11:35,787 [New I/O client worker #74-8] INFO  o.e.m.c.i.e.AbstractTransferListenerAdapter - Downloading http://repo.maven.apache.org/maven2/org/springframework/spring-test/3.2.3.RELEASE/spring-test-3.2.3.RELEASE.jar
2013-12-28 16:11:35,787 [New I/O client worker #74-7] INFO  o.e.m.c.i.e.AbstractTransferListenerAdapter - Downloading http://repo.maven.apache.org/maven2/org/hibernate/common/hibernate-commons-annotations/4.0.1.Final/hibernate-commons-annotations-4.0.1.Final.jar
2013-12-28 16:11:35,788 [New I/O client worker #74-7] INFO  o.e.m.c.i.e.AbstractTransferListenerAdapter - Downloading http://repo.maven.apache.org/maven2/org/springframework/spring-expression/3.2.3.RELEASE/spring-expression-3.2.3.RELEASE.jar
2013-12-28 16:11:35,788 [New I/O client worker #74-2] INFO  o.e.m.c.i.e.AbstractTransferListenerAdapter - Downloading http://repo.maven.apache.org/maven2/javax/servlet/jsp/jsp-api/2.2/jsp-api-2.2.jar
2013-12-28 16:11:35,788 [New I/O client worker #74-8] INFO  o.e.m.c.i.e.AbstractTransferListenerAdapter - Downloading http://repo.maven.apache.org/maven2/org/jboss/logging/jboss-logging/3.1.0.GA/jboss-logging-3.1.0.GA.jar
2013-12-28 16:11:35,787 [New I/O client worker #74-4] INFO  o.e.m.c.i.e.AbstractTransferListenerAdapter - Downloading http://repo.maven.apache.org/maven2/aopalliance/aopalliance/1.0/aopalliance-1.0.jar
2013-12-28 16:11:35,793 [New I/O client worker #74-6] INFO  o.e.m.c.i.e.AbstractTransferListenerAdapter - Downloading http://repo.maven.apache.org/maven2/ch/qos/logback/logback-core/1.0.13/logback-core-1.0.13.jar
2013-12-28 16:11:35,794 [New I/O client worker #74-6] INFO  o.e.m.c.i.e.AbstractTransferListenerAdapter - Downloading http://repo.maven.apache.org/maven2/commons-logging/commons-logging/1.1.1/commons-logging-1.1.1.jar
2013-12-28 16:11:35,795 [New I/O client worker #74-6] INFO  o.e.m.c.i.e.AbstractTransferListenerAdapter - Downloading http://repo.maven.apache.org/maven2/org/javassist/javassist/3.15.0-GA/javassist-3.15.0-GA.jar
2013-12-28 16:11:35,800 [New I/O client worker #74-5] INFO  o.e.m.c.i.e.AbstractTransferListenerAdapter - Downloading http://repo.maven.apache.org/maven2/org/springframework/spring-core/3.2.3.RELEASE/spring-core-3.2.3.RELEASE.jar
2013-12-28 16:11:35,804 [New I/O client worker #74-2] INFO  o.e.m.c.i.e.AbstractTransferListenerAdapter - Downloaded http://repo.maven.apache.org/maven2/javax/servlet/jsp/jsp-api/2.2/jsp-api-2.2.jar
2013-12-28 16:11:35,804 [New I/O client worker #74-4] INFO  o.e.m.c.i.e.AbstractTransferListenerAdapter - Downloaded http://repo.maven.apache.org/maven2/aopalliance/aopalliance/1.0/aopalliance-1.0.jar
2013-12-28 16:11:35,805 [New I/O client worker #74-8] INFO  o.e.m.c.i.e.AbstractTransferListenerAdapter - Downloaded http://repo.maven.apache.org/maven2/org/jboss/logging/jboss-logging/3.1.0.GA/jboss-logging-3.1.0.GA.jar
2013-12-28 16:11:35,806 [New I/O client worker #74-6] INFO  o.e.m.c.i.e.AbstractTransferListenerAdapter - Downloaded http://repo.maven.apache.org/maven2/commons-logging/commons-logging/1.1.1/commons-logging-1.1.1.jar
2013-12-28 16:11:35,819 [New I/O client worker #74-2] INFO  o.e.m.c.i.e.AbstractTransferListenerAdapter - Downloading http://repo.maven.apache.org/maven2/antlr/antlr/2.7.7/antlr-2.7.7.jar
2013-12-28 16:11:35,822 [New I/O client worker #74-2] INFO  o.e.m.c.i.e.AbstractTransferListenerAdapter - Downloading http://repo.maven.apache.org/maven2/org/hamcrest/hamcrest-core/1.3/hamcrest-core-1.3.jar
2013-12-28 16:11:35,827 [New I/O client worker #74-4] INFO  o.e.m.c.i.e.AbstractTransferListenerAdapter - Downloaded http://repo.maven.apache.org/maven2/org/jboss/spec/javax/transaction/jboss-transaction-api_1.1_spec/1.0.1.Final/jboss-transaction-api_1.1_spec-1.0.1.Final.jar
2013-12-28 16:11:35,836 [New I/O client worker #74-7] INFO  o.e.m.c.i.e.AbstractTransferListenerAdapter - Downloaded http://repo.maven.apache.org/maven2/org/hibernate/common/hibernate-commons-annotations/4.0.1.Final/hibernate-commons-annotations-4.0.1.Final.jar
2013-12-28 16:11:35,843 [New I/O client worker #74-5] INFO  o.e.m.c.i.e.AbstractTransferListenerAdapter - Downloading http://repo.maven.apache.org/maven2/org/hibernate/javax/persistence/hibernate-jpa-2.0-api/1.0.1.Final/hibernate-jpa-2.0-api-1.0.1.Final.jar
2013-12-28 16:11:35,844 [New I/O client worker #74-5] INFO  o.e.m.c.i.e.AbstractTransferListenerAdapter - Downloading http://repo.maven.apache.org/maven2/ch/qos/logback/logback-classic/1.0.13/logback-classic-1.0.13.jar
2013-12-28 16:11:35,928 [New I/O client worker #74-2] INFO  o.e.m.c.i.e.AbstractTransferListenerAdapter - Downloaded http://repo.maven.apache.org/maven2/org/hamcrest/hamcrest-core/1.3/hamcrest-core-1.3.jar
2013-12-28 16:11:36,000 [New I/O client worker #74-7] INFO  o.e.m.c.i.e.AbstractTransferListenerAdapter - Downloaded http://repo.maven.apache.org/maven2/org/springframework/spring-expression/3.2.3.RELEASE/spring-expression-3.2.3.RELEASE.jar
2013-12-28 16:11:36,001 [New I/O client worker #74-1] INFO  o.e.m.c.i.e.AbstractTransferListenerAdapter - Downloaded http://repo.maven.apache.org/maven2/junit/junit/4.11/junit-4.11.jar
2013-12-28 16:11:36,011 [New I/O client worker #74-5] INFO  o.e.m.c.i.e.AbstractTransferListenerAdapter - Downloaded http://repo.maven.apache.org/maven2/org/hibernate/javax/persistence/hibernate-jpa-2.0-api/1.0.1.Final/hibernate-jpa-2.0-api-1.0.1.Final.jar
2013-12-28 16:11:36,074 [New I/O client worker #74-3] INFO  o.e.m.c.i.e.AbstractTransferListenerAdapter - Downloaded http://repo.maven.apache.org/maven2/org/springframework/spring-tx/3.2.3.RELEASE/spring-tx-3.2.3.RELEASE.jar
2013-12-28 16:11:36,101 [New I/O client worker #74-3] INFO  o.e.m.c.i.e.AbstractTransferListenerAdapter - Downloaded http://repo.maven.apache.org/maven2/dom4j/dom4j/1.6.1/dom4j-1.6.1.jar
2013-12-28 16:11:36,204 [New I/O client worker #74-4] INFO  o.e.m.c.i.e.AbstractTransferListenerAdapter - Downloaded http://repo.maven.apache.org/maven2/org/springframework/spring-aop/3.2.3.RELEASE/spring-aop-3.2.3.RELEASE.jar
2013-12-28 16:11:36,204 [New I/O client worker #74-5] INFO  o.e.m.c.i.e.AbstractTransferListenerAdapter - Downloaded http://repo.maven.apache.org/maven2/ch/qos/logback/logback-classic/1.0.13/logback-classic-1.0.13.jar
2013-12-28 16:11:36,218 [New I/O client worker #74-1] INFO  o.e.m.c.i.e.AbstractTransferListenerAdapter - Downloaded http://repo.maven.apache.org/maven2/javax/servlet/jstl/1.2/jstl-1.2.jar
2013-12-28 16:11:36,224 [New I/O client worker #74-6] INFO  o.e.m.c.i.e.AbstractTransferListenerAdapter - Downloaded http://repo.maven.apache.org/maven2/ch/qos/logback/logback-core/1.0.13/logback-core-1.0.13.jar
2013-12-28 16:11:36,292 [New I/O client worker #74-2] INFO  o.e.m.c.i.e.AbstractTransferListenerAdapter - Downloaded http://repo.maven.apache.org/maven2/org/springframework/spring-beans/3.2.3.RELEASE/spring-beans-3.2.3.RELEASE.jar
2013-12-28 16:11:36,328 [New I/O client worker #74-7] INFO  o.e.m.c.i.e.AbstractTransferListenerAdapter - Downloaded http://repo.maven.apache.org/maven2/org/hibernate/hibernate-entitymanager/4.2.1.Final/hibernate-entitymanager-4.2.1.Final.jar
2013-12-28 16:11:36,328 [New I/O client worker #74-1] INFO  o.e.m.c.i.e.AbstractTransferListenerAdapter - Downloaded http://repo.maven.apache.org/maven2/org/springframework/spring-webmvc/3.2.3.RELEASE/spring-webmvc-3.2.3.RELEASE.jar
2013-12-28 16:11:36,329 [New I/O client worker #74-8] INFO  o.e.m.c.i.e.AbstractTransferListenerAdapter - Downloaded http://repo.maven.apache.org/maven2/org/springframework/spring-test/3.2.3.RELEASE/spring-test-3.2.3.RELEASE.jar
2013-12-28 16:11:36,330 [New I/O client worker #74-6] INFO  o.e.m.c.i.e.AbstractTransferListenerAdapter - Downloaded http://repo.maven.apache.org/maven2/org/javassist/javassist/3.15.0-GA/javassist-3.15.0-GA.jar
2013-12-28 16:11:36,367 [New I/O client worker #74-8] INFO  o.e.m.c.i.e.AbstractTransferListenerAdapter - Downloaded http://repo.maven.apache.org/maven2/org/springframework/spring-web/3.2.3.RELEASE/spring-web-3.2.3.RELEASE.jar
2013-12-28 16:11:36,368 [New I/O client worker #74-5] INFO  o.e.m.c.i.e.AbstractTransferListenerAdapter - Downloaded http://repo.maven.apache.org/maven2/org/springframework/spring-core/3.2.3.RELEASE/spring-core-3.2.3.RELEASE.jar
2013-12-28 16:11:36,368 [New I/O client worker #74-2] INFO  o.e.m.c.i.e.AbstractTransferListenerAdapter - Downloaded http://repo.maven.apache.org/maven2/antlr/antlr/2.7.7/antlr-2.7.7.jar
2013-12-28 16:11:36,470 [New I/O client worker #74-3] INFO  o.e.m.c.i.e.AbstractTransferListenerAdapter - Downloaded http://repo.maven.apache.org/maven2/org/springframework/spring-context/3.2.3.RELEASE/spring-context-3.2.3.RELEASE.jar
2013-12-28 16:11:37,032 [New I/O client worker #74-1] INFO  o.e.m.c.i.e.AbstractTransferListenerAdapter - Downloaded http://repo.maven.apache.org/maven2/org/hibernate/hibernate-core/4.2.1.Final/hibernate-core-4.2.1.Final.jar
2013-12-28 16:35:44,808 [Worker-3] INFO  o.e.m.c.i.l.LifecycleMappingFactory - Using org.maven.ide.eclipse.wtp.WarLifecycleMapping lifecycle mapping for MavenProject: org.springframework.samples.service.service:SpringSample:0.0.1-SNAPSHOT @ /Users/mito/Documents/work/develop/git-repo/samayaaan/SpringMVC-Roo/SpringSample/pom.xml.
2013-12-28 16:35:53,560 [Worker-9] INFO  o.e.m.c.i.embedder.EclipseLogger - Using 'UTF-8' encoding to copy filtered resources.
2013-12-28 16:35:53,588 [Worker-9] INFO  o.e.m.c.i.embedder.EclipseLogger - Copying 2 resources
2013-12-28 16:35:53,672 [Worker-9] INFO  o.e.m.c.i.embedder.EclipseLogger - Using 'UTF-8' encoding to copy filtered resources.
2013-12-28 16:35:53,672 [Worker-9] INFO  o.e.m.c.i.embedder.EclipseLogger - skip non existing resourceDirectory /Users/mito/Documents/work/develop/git-repo/samayaaan/SpringMVC-Roo/SpringSample/src/test/resources
2013-12-28 16:36:34,666 [Worker-7] INFO  o.e.m.c.i.p.ProjectConfigurationManager - Update started
2013-12-28 16:36:34,756 [Worker-7] INFO  o.e.m.c.i.l.LifecycleMappingFactory - Using org.maven.ide.eclipse.wtp.WarLifecycleMapping lifecycle mapping for MavenProject: org.springframework.samples.service.service:SpringSample:0.0.1-SNAPSHOT @ /Users/mito/Documents/work/develop/git-repo/samayaaan/SpringMVC-Roo/SpringSample/pom.xml.
2013-12-28 16:36:34,936 [Worker-7] INFO  o.e.m.j.i.AbstractJavaProjectConfigurator - Adding source folder /SpringSample/src/main/java
2013-12-28 16:36:34,936 [Worker-7] INFO  o.e.m.j.i.AbstractJavaProjectConfigurator - Adding resource folder /SpringSample/src/main/resources
2013-12-28 16:36:34,937 [Worker-7] INFO  o.e.m.j.i.AbstractJavaProjectConfigurator - Adding source folder /SpringSample/src/test/java
2013-12-28 16:36:35,519 [Worker-7] INFO  o.e.m.w.i.f.ResourceFilteringBuildParticipant - Cleaning filtered folder for SpringSample
2013-12-28 16:36:35,525 [Worker-7] INFO  o.e.m.c.i.p.ProjectConfigurationManager - Update completed: 0 sec
2013-12-28 16:36:36,353 [Worker-0] INFO  o.e.m.c.i.l.LifecycleMappingFactory - Using org.maven.ide.eclipse.wtp.WarLifecycleMapping lifecycle mapping for MavenProject: org.springframework.samples.service.service:SpringSample:0.0.1-SNAPSHOT @ /Users/mito/Documents/work/develop/git-repo/samayaaan/SpringMVC-Roo/SpringSample/pom.xml.
2013-12-28 16:36:36,775 [Worker-0] INFO  c.n.h.c.p.n.NettyAsyncHttpProvider - Number of application's worked threads is 8
2013-12-28 16:36:37,320 [New I/O client worker #1-1] INFO  o.e.m.c.i.e.AbstractTransferListenerAdapter - Downloading http://repo.maven.apache.org/maven2/org/apache/maven/plugins/maven-surefire-plugin/2.10/maven-surefire-plugin-2.10.pom
2013-12-28 16:36:37,325 [New I/O client worker #1-1] INFO  o.e.m.c.i.e.AbstractTransferListenerAdapter - Downloaded http://repo.maven.apache.org/maven2/org/apache/maven/plugins/maven-surefire-plugin/2.10/maven-surefire-plugin-2.10.pom
2013-12-28 16:36:37,354 [Worker-0] INFO  c.n.h.c.p.n.NettyAsyncHttpProvider - Number of application's worked threads is 8
2013-12-28 16:36:37,368 [New I/O client worker #2-1] INFO  o.e.m.c.i.e.AbstractTransferListenerAdapter - Downloading http://repo.maven.apache.org/maven2/org/apache/maven/surefire/surefire/2.10/surefire-2.10.pom
2013-12-28 16:36:37,370 [New I/O client worker #2-1] INFO  o.e.m.c.i.e.AbstractTransferListenerAdapter - Downloaded http://repo.maven.apache.org/maven2/org/apache/maven/surefire/surefire/2.10/surefire-2.10.pom
2013-12-28 16:36:37,547 [Worker-0] INFO  c.n.h.c.p.n.NettyAsyncHttpProvider - Number of application's worked threads is 8
2013-12-28 16:36:37,563 [New I/O client worker #3-1] INFO  o.e.m.c.i.e.AbstractTransferListenerAdapter - Downloading http://repo.maven.apache.org/maven2/org/codehaus/plexus/plexus-archiver/1.2/plexus-archiver-1.2.pom
2013-12-28 16:36:37,564 [New I/O client worker #3-1] INFO  o.e.m.c.i.e.AbstractTransferListenerAdapter - Downloaded http://repo.maven.apache.org/maven2/org/codehaus/plexus/plexus-archiver/1.2/plexus-archiver-1.2.pom
2013-12-28 16:36:37,585 [Worker-0] INFO  c.n.h.c.p.n.NettyAsyncHttpProvider - Number of application's worked threads is 8
2013-12-28 16:36:37,599 [New I/O client worker #4-1] INFO  o.e.m.c.i.e.AbstractTransferListenerAdapter - Downloading http://repo.maven.apache.org/maven2/org/codehaus/plexus/plexus-io/1.0.1/plexus-io-1.0.1.pom
2013-12-28 16:36:37,600 [New I/O client worker #4-1] INFO  o.e.m.c.i.e.AbstractTransferListenerAdapter - Downloaded http://repo.maven.apache.org/maven2/org/codehaus/plexus/plexus-io/1.0.1/plexus-io-1.0.1.pom
2013-12-28 16:36:37,619 [Worker-0] INFO  c.n.h.c.p.n.NettyAsyncHttpProvider - Number of application's worked threads is 8
2013-12-28 16:36:37,635 [New I/O client worker #5-1] INFO  o.e.m.c.i.e.AbstractTransferListenerAdapter - Downloading http://repo.maven.apache.org/maven2/com/thoughtworks/xstream/xstream/1.3.1/xstream-1.3.1.pom
2013-12-28 16:36:37,638 [New I/O client worker #5-1] INFO  o.e.m.c.i.e.AbstractTransferListenerAdapter - Downloaded http://repo.maven.apache.org/maven2/com/thoughtworks/xstream/xstream/1.3.1/xstream-1.3.1.pom
2013-12-28 16:36:37,661 [Worker-0] INFO  c.n.h.c.p.n.NettyAsyncHttpProvider - Number of application's worked threads is 8
2013-12-28 16:36:37,676 [New I/O client worker #6-1] INFO  o.e.m.c.i.e.AbstractTransferListenerAdapter - Downloading http://repo.maven.apache.org/maven2/com/thoughtworks/xstream/xstream-parent/1.3.1/xstream-parent-1.3.1.pom
2013-12-28 16:36:37,681 [New I/O client worker #6-1] INFO  o.e.m.c.i.e.AbstractTransferListenerAdapter - Downloaded http://repo.maven.apache.org/maven2/com/thoughtworks/xstream/xstream-parent/1.3.1/xstream-parent-1.3.1.pom
2013-12-28 16:36:37,700 [Worker-0] INFO  c.n.h.c.p.n.NettyAsyncHttpProvider - Number of application's worked threads is 8
2013-12-28 16:36:37,713 [New I/O client worker #7-1] INFO  o.e.m.c.i.e.AbstractTransferListenerAdapter - Downloading http://repo.maven.apache.org/maven2/xpp3/xpp3_min/1.1.4c/xpp3_min-1.1.4c.pom
2013-12-28 16:36:37,714 [New I/O client worker #7-1] INFO  o.e.m.c.i.e.AbstractTransferListenerAdapter - Downloaded http://repo.maven.apache.org/maven2/xpp3/xpp3_min/1.1.4c/xpp3_min-1.1.4c.pom
2013-12-28 16:36:37,732 [Worker-0] INFO  c.n.h.c.p.n.NettyAsyncHttpProvider - Number of application's worked threads is 8
2013-12-28 16:36:37,750 [New I/O client worker #8-1] INFO  o.e.m.c.i.e.AbstractTransferListenerAdapter - Downloading http://repo.maven.apache.org/maven2/org/apache/maven/shared/maven-filtering/1.0-beta-2/maven-filtering-1.0-beta-2.pom
2013-12-28 16:36:37,751 [New I/O client worker #8-1] INFO  o.e.m.c.i.e.AbstractTransferListenerAdapter - Downloaded http://repo.maven.apache.org/maven2/org/apache/maven/shared/maven-filtering/1.0-beta-2/maven-filtering-1.0-beta-2.pom
2013-12-28 16:36:37,792 [Worker-0] INFO  c.n.h.c.p.n.NettyAsyncHttpProvider - Number of application's worked threads is 8
2013-12-28 16:36:37,806 [New I/O client worker #9-1] INFO  o.e.m.c.i.e.AbstractTransferListenerAdapter - Downloading http://repo.maven.apache.org/maven2/org/codehaus/plexus/plexus-interpolation/1.6/plexus-interpolation-1.6.pom
2013-12-28 16:36:37,807 [New I/O client worker #9-1] INFO  o.e.m.c.i.e.AbstractTransferListenerAdapter - Downloaded http://repo.maven.apache.org/maven2/org/codehaus/plexus/plexus-interpolation/1.6/plexus-interpolation-1.6.pom
2013-12-28 16:36:37,832 [Worker-0] INFO  c.n.h.c.p.n.NettyAsyncHttpProvider - Number of application's worked threads is 8
2013-12-28 16:36:37,846 [New I/O client worker #10-1] INFO  o.e.m.c.i.e.AbstractTransferListenerAdapter - Downloading http://repo.maven.apache.org/maven2/org/codehaus/plexus/plexus-archiver/1.2/plexus-archiver-1.2.jar
2013-12-28 16:36:37,850 [New I/O client worker #10-2] INFO  o.e.m.c.i.e.AbstractTransferListenerAdapter - Downloading http://repo.maven.apache.org/maven2/org/codehaus/plexus/plexus-io/1.0.1/plexus-io-1.0.1.jar
2013-12-28 16:36:37,851 [New I/O client worker #10-5] INFO  o.e.m.c.i.e.AbstractTransferListenerAdapter - Downloading http://repo.maven.apache.org/maven2/org/apache/maven/shared/maven-filtering/1.0-beta-2/maven-filtering-1.0-beta-2.jar
2013-12-28 16:36:37,851 [New I/O client worker #10-3] INFO  o.e.m.c.i.e.AbstractTransferListenerAdapter - Downloading http://repo.maven.apache.org/maven2/com/thoughtworks/xstream/xstream/1.3.1/xstream-1.3.1.jar
2013-12-28 16:36:37,854 [New I/O client worker #10-4] INFO  o.e.m.c.i.e.AbstractTransferListenerAdapter - Downloading http://repo.maven.apache.org/maven2/xpp3/xpp3_min/1.1.4c/xpp3_min-1.1.4c.jar
2013-12-28 16:36:37,865 [New I/O client worker #10-4] INFO  o.e.m.c.i.e.AbstractTransferListenerAdapter - Downloaded http://repo.maven.apache.org/maven2/xpp3/xpp3_min/1.1.4c/xpp3_min-1.1.4c.jar
2013-12-28 16:36:37,870 [New I/O client worker #10-5] INFO  o.e.m.c.i.e.AbstractTransferListenerAdapter - Downloaded http://repo.maven.apache.org/maven2/org/apache/maven/shared/maven-filtering/1.0-beta-2/maven-filtering-1.0-beta-2.jar
2013-12-28 16:36:37,872 [New I/O client worker #10-2] INFO  o.e.m.c.i.e.AbstractTransferListenerAdapter - Downloaded http://repo.maven.apache.org/maven2/org/codehaus/plexus/plexus-io/1.0.1/plexus-io-1.0.1.jar
2013-12-28 16:36:37,898 [New I/O client worker #10-1] INFO  o.e.m.c.i.e.AbstractTransferListenerAdapter - Downloaded http://repo.maven.apache.org/maven2/org/codehaus/plexus/plexus-archiver/1.2/plexus-archiver-1.2.jar
2013-12-28 16:36:37,939 [New I/O client worker #10-3] INFO  o.e.m.c.i.e.AbstractTransferListenerAdapter - Downloaded http://repo.maven.apache.org/maven2/com/thoughtworks/xstream/xstream/1.3.1/xstream-1.3.1.jar
2013-12-28 16:36:38,549 [Worker-0] INFO  c.n.h.c.p.n.NettyAsyncHttpProvider - Number of application's worked threads is 8
2013-12-28 16:36:38,565 [New I/O client worker #11-1] INFO  o.e.m.c.i.e.AbstractTransferListenerAdapter - Downloading http://repo.maven.apache.org/maven2/org/apache/maven/plugins/maven-clean-plugin/2.4.1/maven-clean-plugin-2.4.1.pom
2013-12-28 16:36:38,566 [New I/O client worker #11-1] INFO  o.e.m.c.i.e.AbstractTransferListenerAdapter - Downloaded http://repo.maven.apache.org/maven2/org/apache/maven/plugins/maven-clean-plugin/2.4.1/maven-clean-plugin-2.4.1.pom
2013-12-28 16:36:38,865 [Worker-0] INFO  o.e.m.c.i.embedder.EclipseLogger - Using 'UTF-8' encoding to copy filtered resources.
2013-12-28 16:36:38,866 [Worker-0] INFO  o.e.m.c.i.embedder.EclipseLogger - Copying 2 resources
2013-12-28 16:36:38,871 [Worker-0] INFO  o.e.m.c.i.embedder.EclipseLogger - Using 'UTF-8' encoding to copy filtered resources.
2013-12-28 16:36:38,871 [Worker-0] INFO  o.e.m.c.i.embedder.EclipseLogger - skip non existing resourceDirectory /Users/mito/Documents/work/develop/git-repo/samayaaan/SpringMVC-Roo/SpringSample/src/test/resources
2013-12-28 16:36:40,426 [Worker-2] INFO  o.e.m.c.i.embedder.EclipseLogger - Using 'UTF-8' encoding to copy filtered resources.
2013-12-28 16:36:40,430 [Worker-2] INFO  o.e.m.c.i.embedder.EclipseLogger - Copying 0 resource
2013-12-28 16:36:40,432 [Worker-2] INFO  o.e.m.c.i.embedder.EclipseLogger - Using 'UTF-8' encoding to copy filtered resources.
2013-12-28 16:36:40,432 [Worker-2] INFO  o.e.m.c.i.embedder.EclipseLogger - skip non existing resourceDirectory /Users/mito/Documents/work/develop/git-repo/samayaaan/SpringMVC-Roo/SpringSample/src/test/resources
2013-12-28 16:36:41,464 [Worker-5] INFO  o.e.m.c.i.embedder.EclipseLogger - Using 'UTF-8' encoding to copy filtered resources.
2013-12-28 16:36:41,465 [Worker-5] INFO  o.e.m.c.i.embedder.EclipseLogger - Copying 0 resource
2013-12-28 16:36:41,466 [Worker-5] INFO  o.e.m.c.i.embedder.EclipseLogger - Using 'UTF-8' encoding to copy filtered resources.
2013-12-28 16:36:41,467 [Worker-5] INFO  o.e.m.c.i.embedder.EclipseLogger - skip non existing resourceDirectory /Users/mito/Documents/work/develop/git-repo/samayaaan/SpringMVC-Roo/SpringSample/src/test/resources
2013-12-28 16:37:14,427 [Worker-10] INFO  o.e.m.i.launch.MavenLaunchDelegate - /Users/mito/Documents/work/develop/git-repo/samayaaan/SpringMVC-Roo/SpringSample
2013-12-28 16:37:14,427 [Worker-10] INFO  o.e.m.i.launch.MavenLaunchDelegate -  mvn  -B install
2013-12-28 16:37:22,329 [Worker-5] INFO  o.e.m.c.i.embedder.EclipseLogger - Using 'UTF-8' encoding to copy filtered resources.
2013-12-28 16:37:22,329 [Worker-5] INFO  o.e.m.c.i.embedder.EclipseLogger - Copying 0 resource
2013-12-28 16:37:22,331 [Worker-5] INFO  o.e.m.c.i.embedder.EclipseLogger - Using 'UTF-8' encoding to copy filtered resources.
2013-12-28 16:37:22,331 [Worker-5] INFO  o.e.m.c.i.embedder.EclipseLogger - skip non existing resourceDirectory /Users/mito/Documents/work/develop/git-repo/samayaaan/SpringMVC-Roo/SpringSample/src/test/resources
2013-12-28 17:31:36,655 [Worker-25] INFO  o.e.m.c.i.embedder.EclipseLogger - Using 'UTF-8' encoding to copy filtered resources.
2013-12-28 17:31:36,656 [Worker-25] INFO  o.e.m.c.i.embedder.EclipseLogger - Copying 0 resource
2013-12-28 17:31:36,658 [Worker-25] INFO  o.e.m.c.i.embedder.EclipseLogger - Using 'UTF-8' encoding to copy filtered resources.
2013-12-28 17:31:36,658 [Worker-25] INFO  o.e.m.c.i.embedder.EclipseLogger - skip non existing resourceDirectory /Users/mito/Documents/work/develop/git-repo/samayaaan/SpringMVC-Roo/SpringSample/src/test/resources
2013-12-28 17:52:23,510 [Worker-39] INFO  o.e.m.c.i.embedder.EclipseLogger - Using 'UTF-8' encoding to copy filtered resources.
2013-12-28 17:52:23,519 [Worker-39] INFO  o.e.m.c.i.embedder.EclipseLogger - Copying 2 resources
2013-12-28 17:52:23,521 [Worker-39] INFO  o.e.m.c.i.embedder.EclipseLogger - Using 'UTF-8' encoding to copy filtered resources.
2013-12-28 17:52:23,521 [Worker-39] INFO  o.e.m.c.i.embedder.EclipseLogger - skip non existing resourceDirectory /Users/mito/Documents/work/develop/git-repo/samayaaan/SpringMVC-Roo/SpringSample/src/test/resources
2013-12-28 17:52:24,693 [Worker-34] INFO  o.e.m.c.i.embedder.EclipseLogger - Using 'UTF-8' encoding to copy filtered resources.
2013-12-28 17:52:24,693 [Worker-34] INFO  o.e.m.c.i.embedder.EclipseLogger - Copying 0 resource
2013-12-28 17:52:24,696 [Worker-34] INFO  o.e.m.c.i.embedder.EclipseLogger - Using 'UTF-8' encoding to copy filtered resources.
2013-12-28 17:52:24,696 [Worker-34] INFO  o.e.m.c.i.embedder.EclipseLogger - skip non existing resourceDirectory /Users/mito/Documents/work/develop/git-repo/samayaaan/SpringMVC-Roo/SpringSample/src/test/resources
2013-12-28 17:56:49,337 [Worker-42] INFO  o.e.m.c.i.embedder.EclipseLogger - Using 'UTF-8' encoding to copy filtered resources.
2013-12-28 17:56:49,339 [Worker-42] INFO  o.e.m.c.i.embedder.EclipseLogger - Copying 2 resources
2013-12-28 17:56:49,341 [Worker-42] INFO  o.e.m.c.i.embedder.EclipseLogger - Using 'UTF-8' encoding to copy filtered resources.
2013-12-28 17:56:49,341 [Worker-42] INFO  o.e.m.c.i.embedder.EclipseLogger - skip non existing resourceDirectory /Users/mito/Documents/work/develop/git-repo/samayaaan/SpringMVC-Roo/SpringSample/src/test/resources
2013-12-28 17:59:01,492 [Worker-42] INFO  o.e.m.c.i.embedder.EclipseLogger - Using 'UTF-8' encoding to copy filtered resources.
2013-12-28 17:59:01,492 [Worker-42] INFO  o.e.m.c.i.embedder.EclipseLogger - Copying 0 resource
2013-12-28 17:59:01,494 [Worker-42] INFO  o.e.m.c.i.embedder.EclipseLogger - Using 'UTF-8' encoding to copy filtered resources.
2013-12-28 17:59:01,494 [Worker-42] INFO  o.e.m.c.i.embedder.EclipseLogger - skip non existing resourceDirectory /Users/mito/Documents/work/develop/git-repo/samayaaan/SpringMVC-Roo/SpringSample/src/test/resources
2013-12-28 17:59:45,174 [Worker-43] INFO  o.e.m.c.i.embedder.EclipseLogger - Using 'UTF-8' encoding to copy filtered resources.
2013-12-28 17:59:45,175 [Worker-43] INFO  o.e.m.c.i.embedder.EclipseLogger - Copying 2 resources
2013-12-28 17:59:45,177 [Worker-43] INFO  o.e.m.c.i.embedder.EclipseLogger - Using 'UTF-8' encoding to copy filtered resources.
2013-12-28 17:59:45,177 [Worker-43] INFO  o.e.m.c.i.embedder.EclipseLogger - skip non existing resourceDirectory /Users/mito/Documents/work/develop/git-repo/samayaaan/SpringMVC-Roo/SpringSample/src/test/resources
2013-12-28 18:00:00,198 [Worker-39] INFO  o.e.m.c.i.embedder.EclipseLogger - Using 'UTF-8' encoding to copy filtered resources.
2013-12-28 18:00:00,199 [Worker-39] INFO  o.e.m.c.i.embedder.EclipseLogger - Copying 2 resources
2013-12-28 18:00:00,201 [Worker-39] INFO  o.e.m.c.i.embedder.EclipseLogger - Using 'UTF-8' encoding to copy filtered resources.
2013-12-28 18:00:00,201 [Worker-39] INFO  o.e.m.c.i.embedder.EclipseLogger - skip non existing resourceDirectory /Users/mito/Documents/work/develop/git-repo/samayaaan/SpringMVC-Roo/SpringSample/src/test/resources
2013-12-28 18:21:39,334 [Worker-57] INFO  o.e.m.c.i.embedder.EclipseLogger - Using 'UTF-8' encoding to copy filtered resources.
2013-12-28 18:21:39,336 [Worker-57] INFO  o.e.m.c.i.embedder.EclipseLogger - Copying 2 resources
2013-12-28 18:21:39,338 [Worker-57] INFO  o.e.m.c.i.embedder.EclipseLogger - Using 'UTF-8' encoding to copy filtered resources.
2013-12-28 18:21:39,338 [Worker-57] INFO  o.e.m.c.i.embedder.EclipseLogger - skip non existing resourceDirectory /Users/mito/Documents/work/develop/git-repo/samayaaan/SpringMVC-Roo/SpringSample/src/test/resources
2013-12-28 18:22:12,590 [Worker-34] INFO  o.e.m.c.i.embedder.EclipseLogger - Using 'UTF-8' encoding to copy filtered resources.
2013-12-28 18:22:12,591 [Worker-34] INFO  o.e.m.c.i.embedder.EclipseLogger - Copying 2 resources
2013-12-28 18:22:12,594 [Worker-34] INFO  o.e.m.c.i.embedder.EclipseLogger - Using 'UTF-8' encoding to copy filtered resources.
2013-12-28 18:22:12,594 [Worker-34] INFO  o.e.m.c.i.embedder.EclipseLogger - skip non existing resourceDirectory /Users/mito/Documents/work/develop/git-repo/samayaaan/SpringMVC-Roo/SpringSample/src/test/resources
2013-12-28 18:23:38,288 [Worker-39] INFO  o.e.m.c.i.embedder.EclipseLogger - Using 'UTF-8' encoding to copy filtered resources.
2013-12-28 18:23:38,289 [Worker-39] INFO  o.e.m.c.i.embedder.EclipseLogger - Copying 2 resources
2013-12-28 18:23:38,291 [Worker-39] INFO  o.e.m.c.i.embedder.EclipseLogger - Using 'UTF-8' encoding to copy filtered resources.
2013-12-28 18:23:38,291 [Worker-39] INFO  o.e.m.c.i.embedder.EclipseLogger - skip non existing resourceDirectory /Users/mito/Documents/work/develop/git-repo/samayaaan/SpringMVC-Roo/SpringSample/src/test/resources
2013-12-28 18:26:34,227 [Worker-59] INFO  o.e.m.c.i.embedder.EclipseLogger - Using 'UTF-8' encoding to copy filtered resources.
2013-12-28 18:26:34,228 [Worker-59] INFO  o.e.m.c.i.embedder.EclipseLogger - Copying 0 resource
2013-12-28 18:26:34,231 [Worker-59] INFO  o.e.m.c.i.embedder.EclipseLogger - Using 'UTF-8' encoding to copy filtered resources.
2013-12-28 18:26:34,231 [Worker-59] INFO  o.e.m.c.i.embedder.EclipseLogger - skip non existing resourceDirectory /Users/mito/Documents/work/develop/git-repo/samayaaan/SpringMVC-Roo/SpringSample/src/test/resources
2013-12-28 18:30:38,794 [Worker-39] INFO  o.e.m.c.i.embedder.EclipseLogger - Using 'UTF-8' encoding to copy filtered resources.
2013-12-28 18:30:38,795 [Worker-39] INFO  o.e.m.c.i.embedder.EclipseLogger - Copying 2 resources
2013-12-28 18:30:38,798 [Worker-39] INFO  o.e.m.c.i.embedder.EclipseLogger - Using 'UTF-8' encoding to copy filtered resources.
2013-12-28 18:30:38,798 [Worker-39] INFO  o.e.m.c.i.embedder.EclipseLogger - skip non existing resourceDirectory /Users/mito/Documents/work/develop/git-repo/samayaaan/SpringMVC-Roo/SpringSample/src/test/resources
2013-12-28 18:31:01,210 [Worker-60] INFO  o.e.m.c.i.embedder.EclipseLogger - Using 'UTF-8' encoding to copy filtered resources.
2013-12-28 18:31:01,211 [Worker-60] INFO  o.e.m.c.i.embedder.EclipseLogger - Copying 2 resources
2013-12-28 18:31:01,213 [Worker-60] INFO  o.e.m.c.i.embedder.EclipseLogger - Using 'UTF-8' encoding to copy filtered resources.
2013-12-28 18:31:01,214 [Worker-60] INFO  o.e.m.c.i.embedder.EclipseLogger - skip non existing resourceDirectory /Users/mito/Documents/work/develop/git-repo/samayaaan/SpringMVC-Roo/SpringSample/src/test/resources
2013-12-28 18:32:03,126 [Worker-60] INFO  o.e.m.c.i.embedder.EclipseLogger - Using 'UTF-8' encoding to copy filtered resources.
2013-12-28 18:32:03,127 [Worker-60] INFO  o.e.m.c.i.embedder.EclipseLogger - Copying 0 resource
2013-12-28 18:32:03,129 [Worker-60] INFO  o.e.m.c.i.embedder.EclipseLogger - Using 'UTF-8' encoding to copy filtered resources.
2013-12-28 18:32:03,129 [Worker-60] INFO  o.e.m.c.i.embedder.EclipseLogger - skip non existing resourceDirectory /Users/mito/Documents/work/develop/git-repo/samayaaan/SpringMVC-Roo/SpringSample/src/test/resources
2013-12-28 18:34:36,129 [Worker-56] INFO  o.e.m.c.i.embedder.EclipseLogger - Using 'UTF-8' encoding to copy filtered resources.
2013-12-28 18:34:36,129 [Worker-56] INFO  o.e.m.c.i.embedder.EclipseLogger - Copying 0 resource
2013-12-28 18:34:36,131 [Worker-56] INFO  o.e.m.c.i.embedder.EclipseLogger - Using 'UTF-8' encoding to copy filtered resources.
2013-12-28 18:34:36,131 [Worker-56] INFO  o.e.m.c.i.embedder.EclipseLogger - skip non existing resourceDirectory /Users/mito/Documents/work/develop/git-repo/samayaaan/SpringMVC-Roo/SpringSample/src/test/resources
2013-12-28 18:37:46,557 [Worker-57] INFO  o.e.m.c.i.embedder.EclipseLogger - Using 'UTF-8' encoding to copy filtered resources.
2013-12-28 18:37:46,558 [Worker-57] INFO  o.e.m.c.i.embedder.EclipseLogger - Copying 2 resources
2013-12-28 18:37:46,559 [Worker-57] INFO  o.e.m.c.i.embedder.EclipseLogger - Using 'UTF-8' encoding to copy filtered resources.
2013-12-28 18:37:46,560 [Worker-57] INFO  o.e.m.c.i.embedder.EclipseLogger - skip non existing resourceDirectory /Users/mito/Documents/work/develop/git-repo/samayaaan/SpringMVC-Roo/SpringSample/src/test/resources
2013-12-28 18:37:58,418 [Worker-49] INFO  o.e.m.c.i.embedder.EclipseLogger - Using 'UTF-8' encoding to copy filtered resources.
2013-12-28 18:37:58,419 [Worker-49] INFO  o.e.m.c.i.embedder.EclipseLogger - Copying 2 resources
2013-12-28 18:37:58,421 [Worker-49] INFO  o.e.m.c.i.embedder.EclipseLogger - Using 'UTF-8' encoding to copy filtered resources.
2013-12-28 18:37:58,421 [Worker-49] INFO  o.e.m.c.i.embedder.EclipseLogger - skip non existing resourceDirectory /Users/mito/Documents/work/develop/git-repo/samayaaan/SpringMVC-Roo/SpringSample/src/test/resources
2013-12-28 18:38:40,675 [Worker-60] INFO  o.e.m.c.i.embedder.EclipseLogger - Using 'UTF-8' encoding to copy filtered resources.
2013-12-28 18:38:40,675 [Worker-60] INFO  o.e.m.c.i.embedder.EclipseLogger - Copying 0 resource
2013-12-28 18:38:40,677 [Worker-60] INFO  o.e.m.c.i.embedder.EclipseLogger - Using 'UTF-8' encoding to copy filtered resources.
2013-12-28 18:38:40,677 [Worker-60] INFO  o.e.m.c.i.embedder.EclipseLogger - skip non existing resourceDirectory /Users/mito/Documents/work/develop/git-repo/samayaaan/SpringMVC-Roo/SpringSample/src/test/resources
2013-12-28 18:48:52,763 [Worker-67] INFO  o.e.m.c.i.embedder.EclipseLogger - Using 'UTF-8' encoding to copy filtered resources.
2013-12-28 18:48:52,763 [Worker-67] INFO  o.e.m.c.i.embedder.EclipseLogger - Copying 0 resource
2013-12-28 18:48:52,765 [Worker-67] INFO  o.e.m.c.i.embedder.EclipseLogger - Using 'UTF-8' encoding to copy filtered resources.
2013-12-28 18:48:52,765 [Worker-67] INFO  o.e.m.c.i.embedder.EclipseLogger - skip non existing resourceDirectory /Users/mito/Documents/work/develop/git-repo/samayaaan/SpringMVC-Roo/SpringSample/src/test/resources
2013-12-28 18:50:46,450 [Worker-60] INFO  o.e.m.c.i.embedder.EclipseLogger - Using 'UTF-8' encoding to copy filtered resources.
2013-12-28 18:50:46,450 [Worker-60] INFO  o.e.m.c.i.embedder.EclipseLogger - Copying 0 resource
2013-12-28 18:50:46,452 [Worker-60] INFO  o.e.m.c.i.embedder.EclipseLogger - Using 'UTF-8' encoding to copy filtered resources.
2013-12-28 18:50:46,452 [Worker-60] INFO  o.e.m.c.i.embedder.EclipseLogger - skip non existing resourceDirectory /Users/mito/Documents/work/develop/git-repo/samayaaan/SpringMVC-Roo/SpringSample/src/test/resources
2013-12-28 18:57:25,102 [Worker-64] INFO  o.e.m.c.i.embedder.EclipseLogger - Using 'UTF-8' encoding to copy filtered resources.
2013-12-28 18:57:25,104 [Worker-64] INFO  o.e.m.c.i.embedder.EclipseLogger - Copying 2 resources
2013-12-28 18:57:25,105 [Worker-64] INFO  o.e.m.c.i.embedder.EclipseLogger - Using 'UTF-8' encoding to copy filtered resources.
2013-12-28 18:57:25,105 [Worker-64] INFO  o.e.m.c.i.embedder.EclipseLogger - skip non existing resourceDirectory /Users/mito/Documents/work/develop/git-repo/samayaaan/SpringMVC-Roo/SpringSample/src/test/resources
2013-12-28 18:59:03,720 [Worker-64] INFO  o.e.m.c.i.embedder.EclipseLogger - Using 'UTF-8' encoding to copy filtered resources.
2013-12-28 18:59:03,720 [Worker-64] INFO  o.e.m.c.i.embedder.EclipseLogger - Copying 2 resources
2013-12-28 18:59:03,722 [Worker-64] INFO  o.e.m.c.i.embedder.EclipseLogger - Using 'UTF-8' encoding to copy filtered resources.
2013-12-28 18:59:03,722 [Worker-64] INFO  o.e.m.c.i.embedder.EclipseLogger - skip non existing resourceDirectory /Users/mito/Documents/work/develop/git-repo/samayaaan/SpringMVC-Roo/SpringSample/src/test/resources
2013-12-28 18:59:13,831 [Worker-62] INFO  o.e.m.c.i.embedder.EclipseLogger - Using 'UTF-8' encoding to copy filtered resources.
2013-12-28 18:59:13,831 [Worker-62] INFO  o.e.m.c.i.embedder.EclipseLogger - Copying 2 resources
2013-12-28 18:59:13,833 [Worker-62] INFO  o.e.m.c.i.embedder.EclipseLogger - Using 'UTF-8' encoding to copy filtered resources.
2013-12-28 18:59:13,833 [Worker-62] INFO  o.e.m.c.i.embedder.EclipseLogger - skip non existing resourceDirectory /Users/mito/Documents/work/develop/git-repo/samayaaan/SpringMVC-Roo/SpringSample/src/test/resources
2013-12-28 18:59:23,705 [Worker-72] INFO  o.e.m.c.i.embedder.EclipseLogger - Using 'UTF-8' encoding to copy filtered resources.
2013-12-28 18:59:23,705 [Worker-72] INFO  o.e.m.c.i.embedder.EclipseLogger - Copying 0 resource
2013-12-28 18:59:23,707 [Worker-72] INFO  o.e.m.c.i.embedder.EclipseLogger - Using 'UTF-8' encoding to copy filtered resources.
2013-12-28 18:59:23,707 [Worker-72] INFO  o.e.m.c.i.embedder.EclipseLogger - skip non existing resourceDirectory /Users/mito/Documents/work/develop/git-repo/samayaaan/SpringMVC-Roo/SpringSample/src/test/resources
2013-12-28 18:59:55,375 [Worker-72] INFO  o.e.m.c.i.embedder.EclipseLogger - Using 'UTF-8' encoding to copy filtered resources.
2013-12-28 18:59:55,376 [Worker-72] INFO  o.e.m.c.i.embedder.EclipseLogger - Copying 0 resource
2013-12-28 18:59:55,378 [Worker-72] INFO  o.e.m.c.i.embedder.EclipseLogger - Using 'UTF-8' encoding to copy filtered resources.
2013-12-28 18:59:55,378 [Worker-72] INFO  o.e.m.c.i.embedder.EclipseLogger - skip non existing resourceDirectory /Users/mito/Documents/work/develop/git-repo/samayaaan/SpringMVC-Roo/SpringSample/src/test/resources
2013-12-28 19:00:15,974 [Worker-71] INFO  o.e.m.c.i.embedder.EclipseLogger - Using 'UTF-8' encoding to copy filtered resources.
2013-12-28 19:00:15,975 [Worker-71] INFO  o.e.m.c.i.embedder.EclipseLogger - Copying 0 resource
2013-12-28 19:00:15,977 [Worker-71] INFO  o.e.m.c.i.embedder.EclipseLogger - Using 'UTF-8' encoding to copy filtered resources.
2013-12-28 19:00:15,977 [Worker-71] INFO  o.e.m.c.i.embedder.EclipseLogger - skip non existing resourceDirectory /Users/mito/Documents/work/develop/git-repo/samayaaan/SpringMVC-Roo/SpringSample/src/test/resources
2013-12-28 19:00:18,607 [Worker-71] INFO  o.e.m.c.i.embedder.EclipseLogger - Using 'UTF-8' encoding to copy filtered resources.
2013-12-28 19:00:18,607 [Worker-71] INFO  o.e.m.c.i.embedder.EclipseLogger - Copying 0 resource
2013-12-28 19:00:18,609 [Worker-71] INFO  o.e.m.c.i.embedder.EclipseLogger - Using 'UTF-8' encoding to copy filtered resources.
2013-12-28 19:00:18,609 [Worker-71] INFO  o.e.m.c.i.embedder.EclipseLogger - skip non existing resourceDirectory /Users/mito/Documents/work/develop/git-repo/samayaaan/SpringMVC-Roo/SpringSample/src/test/resources
2013-12-28 19:02:23,538 [Worker-70] INFO  o.e.m.c.i.embedder.EclipseLogger - Using 'UTF-8' encoding to copy filtered resources.
2013-12-28 19:02:23,538 [Worker-70] INFO  o.e.m.c.i.embedder.EclipseLogger - Copying 0 resource
2013-12-28 19:02:23,540 [Worker-70] INFO  o.e.m.c.i.embedder.EclipseLogger - Using 'UTF-8' encoding to copy filtered resources.
2013-12-28 19:02:23,540 [Worker-70] INFO  o.e.m.c.i.embedder.EclipseLogger - skip non existing resourceDirectory /Users/mito/Documents/work/develop/git-repo/samayaaan/SpringMVC-Roo/SpringSample/src/test/resources
2013-12-28 19:03:51,663 [Worker-70] INFO  o.e.m.c.i.embedder.EclipseLogger - Using 'UTF-8' encoding to copy filtered resources.
2013-12-28 19:03:51,664 [Worker-70] INFO  o.e.m.c.i.embedder.EclipseLogger - Copying 2 resources
2013-12-28 19:03:51,665 [Worker-70] INFO  o.e.m.c.i.embedder.EclipseLogger - Using 'UTF-8' encoding to copy filtered resources.
2013-12-28 19:03:51,665 [Worker-70] INFO  o.e.m.c.i.embedder.EclipseLogger - skip non existing resourceDirectory /Users/mito/Documents/work/develop/git-repo/samayaaan/SpringMVC-Roo/SpringSample/src/test/resources
2013-12-28 19:05:30,753 [Worker-72] INFO  o.e.m.c.i.embedder.EclipseLogger - Using 'UTF-8' encoding to copy filtered resources.
2013-12-28 19:05:30,753 [Worker-72] INFO  o.e.m.c.i.embedder.EclipseLogger - Copying 0 resource
2013-12-28 19:05:30,755 [Worker-72] INFO  o.e.m.c.i.embedder.EclipseLogger - Using 'UTF-8' encoding to copy filtered resources.
2013-12-28 19:05:30,755 [Worker-72] INFO  o.e.m.c.i.embedder.EclipseLogger - skip non existing resourceDirectory /Users/mito/Documents/work/develop/git-repo/samayaaan/SpringMVC-Roo/SpringSample/src/test/resources
2013-12-28 19:06:46,013 [Worker-65] INFO  o.e.m.c.i.embedder.EclipseLogger - Using 'UTF-8' encoding to copy filtered resources.
2013-12-28 19:06:46,014 [Worker-65] INFO  o.e.m.c.i.embedder.EclipseLogger - Copying 2 resources
2013-12-28 19:06:46,016 [Worker-65] INFO  o.e.m.c.i.embedder.EclipseLogger - Using 'UTF-8' encoding to copy filtered resources.
2013-12-28 19:06:46,016 [Worker-65] INFO  o.e.m.c.i.embedder.EclipseLogger - skip non existing resourceDirectory /Users/mito/Documents/work/develop/git-repo/samayaaan/SpringMVC-Roo/SpringSample/src/test/resources
2013-12-28 19:08:08,829 [Worker-72] INFO  o.e.m.c.i.embedder.EclipseLogger - Using 'UTF-8' encoding to copy filtered resources.
2013-12-28 19:08:08,831 [Worker-72] INFO  o.e.m.c.i.embedder.EclipseLogger - Copying 2 resources
2013-12-28 19:08:08,833 [Worker-72] INFO  o.e.m.c.i.embedder.EclipseLogger - Using 'UTF-8' encoding to copy filtered resources.
2013-12-28 19:08:08,833 [Worker-72] INFO  o.e.m.c.i.embedder.EclipseLogger - skip non existing resourceDirectory /Users/mito/Documents/work/develop/git-repo/samayaaan/SpringMVC-Roo/SpringSample/src/test/resources
2013-12-28 19:11:53,175 [Worker-62] INFO  o.e.m.c.i.embedder.EclipseLogger - Using 'UTF-8' encoding to copy filtered resources.
2013-12-28 19:11:53,176 [Worker-62] INFO  o.e.m.c.i.embedder.EclipseLogger - Copying 2 resources
2013-12-28 19:11:53,178 [Worker-62] INFO  o.e.m.c.i.embedder.EclipseLogger - Using 'UTF-8' encoding to copy filtered resources.
2013-12-28 19:11:53,178 [Worker-62] INFO  o.e.m.c.i.embedder.EclipseLogger - skip non existing resourceDirectory /Users/mito/Documents/work/develop/git-repo/samayaaan/SpringMVC-Roo/SpringSample/src/test/resources
2013-12-28 19:13:32,900 [Worker-73] INFO  o.e.m.c.i.embedder.EclipseLogger - Using 'UTF-8' encoding to copy filtered resources.
2013-12-28 19:13:32,901 [Worker-73] INFO  o.e.m.c.i.embedder.EclipseLogger - Copying 2 resources
2013-12-28 19:13:32,903 [Worker-73] INFO  o.e.m.c.i.embedder.EclipseLogger - Using 'UTF-8' encoding to copy filtered resources.
2013-12-28 19:13:32,903 [Worker-73] INFO  o.e.m.c.i.embedder.EclipseLogger - skip non existing resourceDirectory /Users/mito/Documents/work/develop/git-repo/samayaaan/SpringMVC-Roo/SpringSample/src/test/resources
2013-12-28 19:13:56,885 [Worker-62] INFO  o.e.m.c.i.embedder.EclipseLogger - Using 'UTF-8' encoding to copy filtered resources.
2013-12-28 19:13:56,886 [Worker-62] INFO  o.e.m.c.i.embedder.EclipseLogger - Copying 2 resources
2013-12-28 19:13:56,887 [Worker-62] INFO  o.e.m.c.i.embedder.EclipseLogger - Using 'UTF-8' encoding to copy filtered resources.
2013-12-28 19:13:56,888 [Worker-62] INFO  o.e.m.c.i.embedder.EclipseLogger - skip non existing resourceDirectory /Users/mito/Documents/work/develop/git-repo/samayaaan/SpringMVC-Roo/SpringSample/src/test/resources
